{"/home/travis/build/npmtest/node-npmtest-sassdoc/test.js":{"path":"/home/travis/build/npmtest/node-npmtest-sassdoc/test.js","s":{"1":2,"2":2,"3":2,"4":2,"5":2,"6":2,"7":2,"8":1,"9":2,"10":2,"11":1,"12":1,"13":1,"14":1,"15":2,"16":2,"17":2,"18":2,"19":1,"20":1,"21":2,"22":2,"23":2,"24":1,"25":1,"26":1,"27":1,"28":1,"29":1,"30":1,"31":1,"32":1,"33":1,"34":1,"35":1,"36":1,"37":1,"38":1,"39":2,"40":2,"41":1,"42":2,"43":2,"44":1,"45":2,"46":2,"47":1,"48":2,"49":2,"50":1,"51":1,"52":1,"53":1,"54":1},"b":{"1":[2,1,1,1],"2":[1,1,1,1],"3":[1,1],"4":[1,1],"5":[1,1],"6":[1,1],"7":[1,1],"8":[1,1],"9":[1,1],"10":[1,1,1],"11":[1,1],"12":[1,1],"13":[1,1],"14":[1,1],"15":[1,1],"16":[1,1],"17":[1,1]},"f":{"1":2,"2":2,"3":2,"4":2,"5":2,"6":1,"7":1,"8":1,"9":2,"10":2,"11":2,"12":2,"13":1},"fnMap":{"1":{"name":"(anonymous_1)","line":12,"loc":{"start":{"line":12,"column":1},"end":{"line":12,"column":13}}},"2":{"name":"(anonymous_2)","line":19,"loc":{"start":{"line":19,"column":5},"end":{"line":19,"column":17}}},"3":{"name":"(anonymous_3)","line":23,"loc":{"start":{"line":23,"column":24},"end":{"line":23,"column":36}}},"4":{"name":"(anonymous_4)","line":61,"loc":{"start":{"line":61,"column":5},"end":{"line":61,"column":17}}},"5":{"name":"(anonymous_5)","line":82,"loc":{"start":{"line":82,"column":5},"end":{"line":82,"column":17}}},"6":{"name":"(anonymous_6)","line":91,"loc":{"start":{"line":91,"column":77},"end":{"line":94,"column":10}}},"7":{"name":"(anonymous_7)","line":112,"loc":{"start":{"line":112,"column":83},"end":{"line":115,"column":10}},"skip":true},"8":{"name":"(anonymous_8)","line":123,"loc":{"start":{"line":123,"column":77},"end":{"line":126,"column":10}},"skip":true},"9":{"name":"(anonymous_9)","line":139,"loc":{"start":{"line":139,"column":12},"end":{"line":139,"column":40}},"skip":true},"10":{"name":"(anonymous_10)","line":147,"loc":{"start":{"line":147,"column":77},"end":{"line":150,"column":10}},"skip":true},"11":{"name":"(anonymous_11)","line":158,"loc":{"start":{"line":158,"column":83},"end":{"line":161,"column":10}},"skip":true},"12":{"name":"(anonymous_12)","line":169,"loc":{"start":{"line":169,"column":79},"end":{"line":172,"column":10}},"skip":true},"13":{"name":"(anonymous_13)","line":180,"loc":{"start":{"line":180,"column":75},"end":{"line":183,"column":10}},"skip":true}},"statementMap":{"1":{"start":{"line":12,"column":0},"end":{"line":195,"column":5}},"2":{"start":{"line":14,"column":4},"end":{"line":14,"column":14}},"3":{"start":{"line":19,"column":4},"end":{"line":56,"column":9}},"4":{"start":{"line":21,"column":8},"end":{"line":21,"column":19}},"5":{"start":{"line":23,"column":8},"end":{"line":35,"column":13}},"6":{"start":{"line":24,"column":12},"end":{"line":34,"column":13}},"7":{"start":{"line":25,"column":16},"end":{"line":28,"column":30}},"8":{"start":{"line":30,"column":16},"end":{"line":33,"column":27}},"9":{"start":{"line":37,"column":8},"end":{"line":39,"column":21}},"10":{"start":{"line":40,"column":8},"end":{"line":53,"column":9}},"11":{"start":{"line":43,"column":12},"end":{"line":46,"column":14}},"12":{"start":{"line":47,"column":12},"end":{"line":47,"column":18}},"13":{"start":{"line":50,"column":12},"end":{"line":51,"column":46}},"14":{"start":{"line":52,"column":12},"end":{"line":52,"column":18}},"15":{"start":{"line":55,"column":8},"end":{"line":55,"column":35}},"16":{"start":{"line":61,"column":4},"end":{"line":63,"column":9}},"17":{"start":{"line":62,"column":8},"end":{"line":62,"column":15}},"18":{"start":{"line":64,"column":4},"end":{"line":77,"column":5}},"19":{"start":{"line":70,"column":8},"end":{"line":70,"column":14}},"20":{"start":{"line":76,"column":8},"end":{"line":76,"column":14}},"21":{"start":{"line":82,"column":4},"end":{"line":84,"column":9}},"22":{"start":{"line":83,"column":8},"end":{"line":83,"column":15}},"23":{"start":{"line":85,"column":4},"end":{"line":194,"column":5}},"24":{"start":{"line":91,"column":8},"end":{"line":99,"column":10}},"25":{"start":{"line":98,"column":12},"end":{"line":98,"column":35}},"26":{"start":{"line":102,"column":8},"end":{"line":104,"column":63}},"27":{"start":{"line":105,"column":8},"end":{"line":105,"column":14}},"28":{"start":{"line":112,"column":8},"end":{"line":121,"column":10},"skip":true},"29":{"start":{"line":119,"column":12},"end":{"line":119,"column":55},"skip":true},"30":{"start":{"line":120,"column":12},"end":{"line":120,"column":48},"skip":true},"31":{"start":{"line":123,"column":8},"end":{"line":136,"column":10},"skip":true},"32":{"start":{"line":130,"column":12},"end":{"line":130,"column":76},"skip":true},"33":{"start":{"line":131,"column":12},"end":{"line":131,"column":73},"skip":true},"34":{"start":{"line":132,"column":12},"end":{"line":132,"column":74},"skip":true},"35":{"start":{"line":133,"column":12},"end":{"line":133,"column":79},"skip":true},"36":{"start":{"line":134,"column":12},"end":{"line":134,"column":25},"skip":true},"37":{"start":{"line":135,"column":12},"end":{"line":135,"column":45},"skip":true},"38":{"start":{"line":138,"column":8},"end":{"line":145,"column":14},"skip":true},"39":{"start":{"line":143,"column":16},"end":{"line":143,"column":29},"skip":true},"40":{"start":{"line":144,"column":16},"end":{"line":144,"column":55},"skip":true},"41":{"start":{"line":147,"column":8},"end":{"line":156,"column":10},"skip":true},"42":{"start":{"line":154,"column":12},"end":{"line":154,"column":25},"skip":true},"43":{"start":{"line":155,"column":12},"end":{"line":155,"column":45},"skip":true},"44":{"start":{"line":158,"column":8},"end":{"line":167,"column":10},"skip":true},"45":{"start":{"line":165,"column":12},"end":{"line":165,"column":25},"skip":true},"46":{"start":{"line":166,"column":12},"end":{"line":166,"column":48},"skip":true},"47":{"start":{"line":169,"column":8},"end":{"line":178,"column":10},"skip":true},"48":{"start":{"line":176,"column":12},"end":{"line":176,"column":25},"skip":true},"49":{"start":{"line":177,"column":12},"end":{"line":177,"column":46},"skip":true},"50":{"start":{"line":180,"column":8},"end":{"line":189,"column":10},"skip":true},"51":{"start":{"line":187,"column":12},"end":{"line":187,"column":94},"skip":true},"52":{"start":{"line":188,"column":12},"end":{"line":188,"column":48},"skip":true},"53":{"start":{"line":192,"column":8},"end":{"line":192,"column":35},"skip":true},"54":{"start":{"line":193,"column":8},"end":{"line":193,"column":14},"skip":true}},"branchMap":{"1":{"line":25,"type":"binary-expr","locations":[{"start":{"line":25,"column":23},"end":{"line":25,"column":62}},{"start":{"line":26,"column":20},"end":{"line":26,"column":70}},{"start":{"line":27,"column":20},"end":{"line":27,"column":71}},{"start":{"line":28,"column":20},"end":{"line":28,"column":29}}]},"2":{"line":30,"type":"binary-expr","locations":[{"start":{"line":30,"column":23},"end":{"line":30,"column":37}},{"start":{"line":31,"column":20},"end":{"line":31,"column":61}},{"start":{"line":32,"column":20},"end":{"line":32,"column":70}},{"start":{"line":33,"column":20},"end":{"line":33,"column":26}}]},"3":{"line":37,"type":"cond-expr","locations":[{"start":{"line":38,"column":14},"end":{"line":38,"column":20}},{"start":{"line":39,"column":14},"end":{"line":39,"column":20}}]},"4":{"line":40,"type":"switch","locations":[{"start":{"line":42,"column":8},"end":{"line":47,"column":18}},{"start":{"line":49,"column":8},"end":{"line":52,"column":18}}]},"5":{"line":44,"type":"binary-expr","locations":[{"start":{"line":44,"column":16},"end":{"line":44,"column":44}},{"start":{"line":44,"column":48},"end":{"line":44,"column":66}}]},"6":{"line":50,"type":"binary-expr","locations":[{"start":{"line":50,"column":21},"end":{"line":50,"column":49}},{"start":{"line":50,"column":53},"end":{"line":50,"column":72}}]},"7":{"line":64,"type":"switch","locations":[{"start":{"line":69,"column":4},"end":{"line":70,"column":14}},{"start":{"line":75,"column":4},"end":{"line":76,"column":14}}]},"8":{"line":85,"type":"switch","locations":[{"start":{"line":90,"column":4},"end":{"line":105,"column":14}},{"start":{"line":111,"column":4},"end":{"line":193,"column":14},"skip":true}]},"9":{"line":91,"type":"binary-expr","locations":[{"start":{"line":91,"column":42},"end":{"line":91,"column":73}},{"start":{"line":91,"column":77},"end":{"line":99,"column":9}}]},"10":{"line":102,"type":"binary-expr","locations":[{"start":{"line":102,"column":18},"end":{"line":102,"column":32}},{"start":{"line":103,"column":12},"end":{"line":103,"column":53}},{"start":{"line":104,"column":12},"end":{"line":104,"column":61}}]},"11":{"line":112,"type":"binary-expr","locations":[{"start":{"line":112,"column":45},"end":{"line":112,"column":79},"skip":true},{"start":{"line":112,"column":83},"end":{"line":121,"column":9},"skip":true}]},"12":{"line":123,"type":"binary-expr","locations":[{"start":{"line":123,"column":42},"end":{"line":123,"column":73},"skip":true},{"start":{"line":123,"column":77},"end":{"line":136,"column":9},"skip":true}]},"13":{"line":138,"type":"binary-expr","locations":[{"start":{"line":138,"column":48},"end":{"line":138,"column":85},"skip":true},{"start":{"line":139,"column":12},"end":{"line":145,"column":13},"skip":true}]},"14":{"line":147,"type":"binary-expr","locations":[{"start":{"line":147,"column":42},"end":{"line":147,"column":73},"skip":true},{"start":{"line":147,"column":77},"end":{"line":156,"column":9},"skip":true}]},"15":{"line":158,"type":"binary-expr","locations":[{"start":{"line":158,"column":45},"end":{"line":158,"column":79},"skip":true},{"start":{"line":158,"column":83},"end":{"line":167,"column":9},"skip":true}]},"16":{"line":169,"type":"binary-expr","locations":[{"start":{"line":169,"column":43},"end":{"line":169,"column":75},"skip":true},{"start":{"line":169,"column":79},"end":{"line":178,"column":9},"skip":true}]},"17":{"line":180,"type":"binary-expr","locations":[{"start":{"line":180,"column":41},"end":{"line":180,"column":71},"skip":true},{"start":{"line":180,"column":75},"end":{"line":189,"column":9},"skip":true}]}},"code":["/* istanbul instrument in package npmtest_sassdoc */","/*jslint","    bitwise: true,","    browser: true,","    maxerr: 8,","    maxlen: 96,","    node: true,","    nomen: true,","    regexp: true,","    stupid: true","*/","(function () {","    'use strict';","    var local;","","","","    // run shared js-env code - pre-init","    (function () {","        // init local","        local = {};","        // init modeJs","        local.modeJs = (function () {","            try {","                return typeof navigator.userAgent === 'string' &&","                    typeof document.querySelector('body') === 'object' &&","                    typeof XMLHttpRequest.prototype.open === 'function' &&","                    'browser';","            } catch (errorCaughtBrowser) {","                return module.exports &&","                    typeof process.versions.node === 'string' &&","                    typeof require('http').createServer === 'function' &&","                    'node';","            }","        }());","        // init global","        local.global = local.modeJs === 'browser'","            ? window","            : global;","        switch (local.modeJs) {","        // re-init local from window.local","        case 'browser':","            local = local.global.utility2.objectSetDefault(","                local.global.utility2_rollup || local.global.local,","                local.global.utility2","            );","            break;","        // re-init local from example.js","        case 'node':","            local = (local.global.utility2_rollup || require('utility2'))","                .requireExampleJsFromReadme();","            break;","        }","        // export local","        local.global.local = local;","    }());","","","","    // run shared js-env code - function","    (function () {","        return;","    }());","    switch (local.modeJs) {","","","","    // run browser js-env code - function","    case 'browser':","        break;","","","","    // run node js-env code - function","    case 'node':","        break;","    }","","","","    // run shared js-env code - post-init","    (function () {","        return;","    }());","    switch (local.modeJs) {","","","","    // run browser js-env code - post-init","    case 'browser':","        local.testCase_browser_nullCase = local.testCase_browser_nullCase || function (","            options,","            onError","        ) {","        /*","         * this function will test browsers's null-case handling-behavior-behavior","         */","            onError(null, options);","        };","","        // run tests","        local.nop(local.modeTest &&","            document.querySelector('#testRunButton1') &&","            document.querySelector('#testRunButton1').click());","        break;","","","","    // run node js-env code - post-init","    /* istanbul ignore next */","    case 'node':","        local.testCase_buildApidoc_default = local.testCase_buildApidoc_default || function (","            options,","            onError","        ) {","        /*","         * this function will test buildApidoc's default handling-behavior-behavior","         */","            options = { modulePathList: module.paths };","            local.buildApidoc(options, onError);","        };","","        local.testCase_buildApp_default = local.testCase_buildApp_default || function (","            options,","            onError","        ) {","        /*","         * this function will test buildApp's default handling-behavior-behavior","         */","            local.testCase_buildReadme_default(options, local.onErrorThrow);","            local.testCase_buildLib_default(options, local.onErrorThrow);","            local.testCase_buildTest_default(options, local.onErrorThrow);","            local.testCase_buildCustomOrg_default(options, local.onErrorThrow);","            options = [];","            local.buildApp(options, onError);","        };","","        local.testCase_buildCustomOrg_default = local.testCase_buildCustomOrg_default ||","            function (options, onError) {","            /*","             * this function will test buildCustomOrg's default handling-behavior","             */","                options = {};","                local.buildCustomOrg(options, onError);","            };","","        local.testCase_buildLib_default = local.testCase_buildLib_default || function (","            options,","            onError","        ) {","        /*","         * this function will test buildLib's default handling-behavior","         */","            options = {};","            local.buildLib(options, onError);","        };","","        local.testCase_buildReadme_default = local.testCase_buildReadme_default || function (","            options,","            onError","        ) {","        /*","         * this function will test buildReadme's default handling-behavior-behavior","         */","            options = {};","            local.buildReadme(options, onError);","        };","","        local.testCase_buildTest_default = local.testCase_buildTest_default || function (","            options,","            onError","        ) {","        /*","         * this function will test buildTest's default handling-behavior","         */","            options = {};","            local.buildTest(options, onError);","        };","","        local.testCase_webpage_default = local.testCase_webpage_default || function (","            options,","            onError","        ) {","        /*","         * this function will test webpage's default handling-behavior","         */","            options = { modeCoverageMerge: true, url: local.serverLocalHost + '?modeTest=1' };","            local.browserTest(options, onError);","        };","","        // run test-server","        local.testRunServer(local);","        break;","    }","}());",""],"l":{"12":2,"14":2,"19":2,"21":2,"23":2,"24":2,"25":2,"30":1,"37":2,"40":2,"43":1,"47":1,"50":1,"52":1,"55":2,"61":2,"62":2,"64":2,"70":1,"76":1,"82":2,"83":2,"85":2,"91":1,"98":1,"102":1,"105":1,"112":1,"119":1,"120":1,"123":1,"130":1,"131":1,"132":1,"133":1,"134":1,"135":1,"138":1,"143":2,"144":2,"147":1,"154":2,"155":2,"158":1,"165":2,"166":2,"169":1,"176":2,"177":2,"180":1,"187":1,"188":1,"192":1,"193":1}},"/home/travis/build/npmtest/node-npmtest-sassdoc/lib.npmtest_sassdoc.js":{"path":"/home/travis/build/npmtest/node-npmtest-sassdoc/lib.npmtest_sassdoc.js","s":{"1":2,"2":2,"3":2,"4":2,"5":2,"6":2,"7":2,"8":1,"9":2,"10":2,"11":2,"12":2,"13":1,"14":1,"15":1,"16":1},"b":{"1":[2,1,1,1],"2":[1,1,1,1],"3":[1,1],"4":[2,2],"5":[1,1]},"f":{"1":2,"2":2,"3":2},"fnMap":{"1":{"name":"(anonymous_1)","line":12,"loc":{"start":{"line":12,"column":1},"end":{"line":12,"column":13}}},"2":{"name":"(anonymous_2)","line":19,"loc":{"start":{"line":19,"column":5},"end":{"line":19,"column":17}}},"3":{"name":"(anonymous_3)","line":23,"loc":{"start":{"line":23,"column":24},"end":{"line":23,"column":36}}}},"statementMap":{"1":{"start":{"line":12,"column":0},"end":{"line":53,"column":5}},"2":{"start":{"line":14,"column":4},"end":{"line":14,"column":14}},"3":{"start":{"line":19,"column":4},"end":{"line":52,"column":9}},"4":{"start":{"line":21,"column":8},"end":{"line":21,"column":19}},"5":{"start":{"line":23,"column":8},"end":{"line":35,"column":13}},"6":{"start":{"line":24,"column":12},"end":{"line":34,"column":13}},"7":{"start":{"line":25,"column":16},"end":{"line":28,"column":30}},"8":{"start":{"line":30,"column":16},"end":{"line":33,"column":27}},"9":{"start":{"line":37,"column":8},"end":{"line":39,"column":21}},"10":{"start":{"line":41,"column":8},"end":{"line":41,"column":54}},"11":{"start":{"line":43,"column":8},"end":{"line":43,"column":52}},"12":{"start":{"line":45,"column":8},"end":{"line":51,"column":9}},"13":{"start":{"line":46,"column":12},"end":{"line":46,"column":58}},"14":{"start":{"line":48,"column":12},"end":{"line":48,"column":35}},"15":{"start":{"line":49,"column":12},"end":{"line":49,"column":49}},"16":{"start":{"line":50,"column":12},"end":{"line":50,"column":43}}},"branchMap":{"1":{"line":25,"type":"binary-expr","locations":[{"start":{"line":25,"column":23},"end":{"line":25,"column":62}},{"start":{"line":26,"column":20},"end":{"line":26,"column":70}},{"start":{"line":27,"column":20},"end":{"line":27,"column":71}},{"start":{"line":28,"column":20},"end":{"line":28,"column":29}}]},"2":{"line":30,"type":"binary-expr","locations":[{"start":{"line":30,"column":23},"end":{"line":30,"column":37}},{"start":{"line":31,"column":20},"end":{"line":31,"column":61}},{"start":{"line":32,"column":20},"end":{"line":32,"column":70}},{"start":{"line":33,"column":20},"end":{"line":33,"column":26}}]},"3":{"line":37,"type":"cond-expr","locations":[{"start":{"line":38,"column":14},"end":{"line":38,"column":20}},{"start":{"line":39,"column":14},"end":{"line":39,"column":20}}]},"4":{"line":41,"type":"binary-expr","locations":[{"start":{"line":41,"column":16},"end":{"line":41,"column":44}},{"start":{"line":41,"column":48},"end":{"line":41,"column":53}}]},"5":{"line":45,"type":"if","locations":[{"start":{"line":45,"column":8},"end":{"line":45,"column":8}},{"start":{"line":45,"column":8},"end":{"line":45,"column":8}}]}},"code":["/* istanbul instrument in package npmtest_sassdoc */","/*jslint","    bitwise: true,","    browser: true,","    maxerr: 8,","    maxlen: 96,","    node: true,","    nomen: true,","    regexp: true,","    stupid: true","*/","(function () {","    'use strict';","    var local;","","","","    // run shared js-env code - pre-init","    (function () {","        // init local","        local = {};","        // init modeJs","        local.modeJs = (function () {","            try {","                return typeof navigator.userAgent === 'string' &&","                    typeof document.querySelector('body') === 'object' &&","                    typeof XMLHttpRequest.prototype.open === 'function' &&","                    'browser';","            } catch (errorCaughtBrowser) {","                return module.exports &&","                    typeof process.versions.node === 'string' &&","                    typeof require('http').createServer === 'function' &&","                    'node';","            }","        }());","        // init global","        local.global = local.modeJs === 'browser'","            ? window","            : global;","        // init utility2_rollup","        local = local.global.utility2_rollup || local;","        // init lib","        local.local = local.npmtest_sassdoc = local;","        // init exports","        if (local.modeJs === 'browser') {","            local.global.utility2_npmtest_sassdoc = local;","        } else {","            module.exports = local;","            module.exports.__dirname = __dirname;","            module.exports.module = module;","        }","    }());","}());",""],"l":{"12":2,"14":2,"19":2,"21":2,"23":2,"24":2,"25":2,"30":1,"37":2,"41":2,"43":2,"45":2,"46":1,"48":1,"49":1,"50":1}},"/home/travis/build/npmtest/node-npmtest-sassdoc/example.js":{"path":"/home/travis/build/npmtest/node-npmtest-sassdoc/example.js","s":{"1":2,"2":2,"3":2,"4":2,"5":2,"6":2,"7":2,"8":1,"9":2,"10":2,"11":2,"12":2,"13":1,"14":2,"15":2,"16":2,"17":2,"18":2,"19":0,"20":2,"21":1,"22":1,"23":1,"24":1,"25":1,"26":0,"27":0,"28":1,"29":1,"30":2,"31":0,"32":0,"33":0,"34":1,"35":2,"36":2,"37":3,"38":3,"39":3,"40":3,"41":0,"42":3,"43":3,"44":3,"45":1,"46":3,"47":1,"48":1,"49":1,"50":1,"51":1,"52":1,"53":1,"54":1,"55":1,"56":1,"57":0,"58":1,"59":6,"60":6,"61":1,"62":2,"63":0,"64":2,"65":1,"66":1,"67":0,"68":0,"69":0,"70":0,"71":0,"72":0,"73":0,"74":0,"75":0,"76":0,"77":0,"78":0,"79":0,"80":0,"81":0,"82":0,"83":0},"b":{"1":[2,1,1,1],"2":[1,1,1,1],"3":[1,1],"4":[2,2],"5":[1,1],"6":[1,1],"7":[2,0],"8":[2,1,1,1,1,1],"9":[0,2,0],"10":[1,1],"11":[2,1,1],"12":[1,0],"13":[0,2],"14":[2,0,0,0,0,0,0],"15":[0,3],"16":[3,0],"17":[1,1],"18":[0,1],"19":[1,2,0,2],"20":[1,0],"21":[1,1],"22":[0,0],"23":[0,0],"24":[0,0],"25":[0,0],"26":[0,0],"27":[0,0],"28":[0,0]},"f":{"1":2,"2":2,"3":2,"4":2,"5":2,"6":2,"7":3,"8":3,"9":3,"10":1,"11":6,"12":0},"fnMap":{"1":{"name":"(anonymous_1)","line":26,"loc":{"start":{"line":26,"column":1},"end":{"line":26,"column":13}}},"2":{"name":"(anonymous_2)","line":33,"loc":{"start":{"line":33,"column":5},"end":{"line":33,"column":17}}},"3":{"name":"(anonymous_3)","line":37,"loc":{"start":{"line":37,"column":24},"end":{"line":37,"column":36}}},"4":{"name":"(anonymous_4)","line":69,"loc":{"start":{"line":69,"column":31},"end":{"line":69,"column":48}},"skip":true},"5":{"name":"(anonymous_5)","line":78,"loc":{"start":{"line":78,"column":26},"end":{"line":78,"column":45}},"skip":true},"6":{"name":"(anonymous_6)","line":123,"loc":{"start":{"line":123,"column":33},"end":{"line":123,"column":48}},"skip":true},"7":{"name":"(anonymous_7)","line":125,"loc":{"start":{"line":125,"column":27},"end":{"line":125,"column":39}},"skip":true},"8":{"name":"(anonymous_8)","line":133,"loc":{"start":{"line":133,"column":59},"end":{"line":133,"column":74}},"skip":true},"9":{"name":"(anonymous_9)","line":143,"loc":{"start":{"line":143,"column":45},"end":{"line":143,"column":62}},"skip":true},"10":{"name":"(anonymous_10)","line":144,"loc":{"start":{"line":144,"column":73},"end":{"line":144,"column":92}},"skip":true},"11":{"name":"(anonymous_11)","line":272,"loc":{"start":{"line":272,"column":51},"end":{"line":272,"column":77}},"skip":true},"12":{"name":"(anonymous_12)","line":315,"loc":{"start":{"line":315,"column":32},"end":{"line":315,"column":61}},"skip":true}},"statementMap":{"1":{"start":{"line":26,"column":0},"end":{"line":326,"column":5}},"2":{"start":{"line":28,"column":4},"end":{"line":28,"column":14}},"3":{"start":{"line":33,"column":4},"end":{"line":60,"column":9}},"4":{"start":{"line":35,"column":8},"end":{"line":35,"column":19}},"5":{"start":{"line":37,"column":8},"end":{"line":49,"column":13}},"6":{"start":{"line":38,"column":12},"end":{"line":48,"column":13}},"7":{"start":{"line":39,"column":16},"end":{"line":42,"column":30}},"8":{"start":{"line":44,"column":16},"end":{"line":47,"column":27}},"9":{"start":{"line":51,"column":8},"end":{"line":53,"column":21}},"10":{"start":{"line":55,"column":8},"end":{"line":57,"column":45}},"11":{"start":{"line":59,"column":8},"end":{"line":59,"column":35}},"12":{"start":{"line":61,"column":4},"end":{"line":325,"column":5}},"13":{"start":{"line":69,"column":8},"end":{"line":121,"column":10},"skip":true},"14":{"start":{"line":70,"column":12},"end":{"line":88,"column":13},"skip":true},"15":{"start":{"line":76,"column":16},"end":{"line":87,"column":19},"skip":true},"16":{"start":{"line":79,"column":20},"end":{"line":86,"column":21},"skip":true},"17":{"start":{"line":82,"column":24},"end":{"line":82,"column":43},"skip":true},"18":{"start":{"line":83,"column":24},"end":{"line":83,"column":30},"skip":true},"19":{"start":{"line":85,"column":24},"end":{"line":85,"column":49},"skip":true},"20":{"start":{"line":89,"column":12},"end":{"line":107,"column":13},"skip":true},"21":{"start":{"line":92,"column":16},"end":{"line":102,"column":17},"skip":true},"22":{"start":{"line":93,"column":20},"end":{"line":93,"column":86},"skip":true},"23":{"start":{"line":94,"column":20},"end":{"line":95,"column":45},"skip":true},"24":{"start":{"line":96,"column":20},"end":{"line":96,"column":42},"skip":true},"25":{"start":{"line":97,"column":20},"end":{"line":97,"column":48},"skip":true},"26":{"start":{"line":100,"column":20},"end":{"line":100,"column":85},"skip":true},"27":{"start":{"line":101,"column":20},"end":{"line":101,"column":96},"skip":true},"28":{"start":{"line":103,"column":16},"end":{"line":103,"column":22},"skip":true},"29":{"start":{"line":106,"column":16},"end":{"line":106,"column":22},"skip":true},"30":{"start":{"line":108,"column":12},"end":{"line":120,"column":13},"skip":true},"31":{"start":{"line":114,"column":16},"end":{"line":119,"column":17},"skip":true},"32":{"start":{"line":116,"column":20},"end":{"line":116,"column":78},"skip":true},"33":{"start":{"line":118,"column":20},"end":{"line":118,"column":47},"skip":true},"34":{"start":{"line":123,"column":8},"end":{"line":141,"column":11},"skip":true},"35":{"start":{"line":124,"column":12},"end":{"line":124,"column":54},"skip":true},"36":{"start":{"line":125,"column":12},"end":{"line":140,"column":14},"skip":true},"37":{"start":{"line":126,"column":16},"end":{"line":126,"column":28},"skip":true},"38":{"start":{"line":127,"column":16},"end":{"line":127,"column":69},"skip":true},"39":{"start":{"line":128,"column":16},"end":{"line":128,"column":75},"skip":true},"40":{"start":{"line":129,"column":16},"end":{"line":131,"column":17},"skip":true},"41":{"start":{"line":130,"column":20},"end":{"line":130,"column":27},"skip":true},"42":{"start":{"line":133,"column":16},"end":{"line":137,"column":36},"skip":true},"43":{"start":{"line":134,"column":20},"end":{"line":136,"column":55},"skip":true},"44":{"start":{"line":139,"column":16},"end":{"line":139,"column":57},"skip":true},"45":{"start":{"line":143,"column":8},"end":{"line":147,"column":11},"skip":true},"46":{"start":{"line":144,"column":12},"end":{"line":146,"column":15},"skip":true},"47":{"start":{"line":145,"column":16},"end":{"line":145,"column":70},"skip":true},"48":{"start":{"line":149,"column":8},"end":{"line":149,"column":31},"skip":true},"49":{"start":{"line":150,"column":8},"end":{"line":150,"column":14},"skip":true},"50":{"start":{"line":158,"column":8},"end":{"line":158,"column":31},"skip":true},"51":{"start":{"line":160,"column":8},"end":{"line":160,"column":33},"skip":true},"52":{"start":{"line":161,"column":8},"end":{"line":161,"column":37},"skip":true},"53":{"start":{"line":162,"column":8},"end":{"line":162,"column":35},"skip":true},"54":{"start":{"line":164,"column":8},"end":{"line":164,"column":50},"skip":true},"55":{"start":{"line":166,"column":8},"end":{"line":256,"column":2},"skip":true},"56":{"start":{"line":258,"column":8},"end":{"line":286,"column":9},"skip":true},"57":{"start":{"line":259,"column":12},"end":{"line":269,"column":14},"skip":true},"58":{"start":{"line":271,"column":12},"end":{"line":285,"column":19},"skip":true},"59":{"start":{"line":274,"column":20},"end":{"line":274,"column":35},"skip":true},"60":{"start":{"line":275,"column":20},"end":{"line":284,"column":21},"skip":true},"61":{"start":{"line":277,"column":24},"end":{"line":277,"column":64},"skip":true},"62":{"start":{"line":279,"column":24},"end":{"line":279,"column":40},"skip":true},"63":{"start":{"line":281,"column":24},"end":{"line":281,"column":40},"skip":true},"64":{"start":{"line":283,"column":24},"end":{"line":283,"column":39},"skip":true},"65":{"start":{"line":288,"column":8},"end":{"line":290,"column":9},"skip":true},"66":{"start":{"line":289,"column":12},"end":{"line":289,"column":18},"skip":true},"67":{"start":{"line":291,"column":8},"end":{"line":293,"column":54},"skip":true},"68":{"start":{"line":296,"column":8},"end":{"line":301,"column":37},"skip":true},"69":{"start":{"line":303,"column":8},"end":{"line":303,"column":82},"skip":true},"70":{"start":{"line":306,"column":8},"end":{"line":308,"column":9},"skip":true},"71":{"start":{"line":307,"column":12},"end":{"line":307,"column":82},"skip":true},"72":{"start":{"line":310,"column":8},"end":{"line":312,"column":9},"skip":true},"73":{"start":{"line":311,"column":12},"end":{"line":311,"column":18},"skip":true},"74":{"start":{"line":313,"column":8},"end":{"line":313,"column":54},"skip":true},"75":{"start":{"line":314,"column":8},"end":{"line":314,"column":69},"skip":true},"76":{"start":{"line":315,"column":8},"end":{"line":323,"column":36},"skip":true},"77":{"start":{"line":316,"column":12},"end":{"line":316,"column":61},"skip":true},"78":{"start":{"line":317,"column":12},"end":{"line":320,"column":13},"skip":true},"79":{"start":{"line":318,"column":16},"end":{"line":318,"column":75},"skip":true},"80":{"start":{"line":319,"column":16},"end":{"line":319,"column":23},"skip":true},"81":{"start":{"line":321,"column":12},"end":{"line":321,"column":38},"skip":true},"82":{"start":{"line":322,"column":12},"end":{"line":322,"column":27},"skip":true},"83":{"start":{"line":324,"column":8},"end":{"line":324,"column":14},"skip":true}},"branchMap":{"1":{"line":39,"type":"binary-expr","locations":[{"start":{"line":39,"column":23},"end":{"line":39,"column":62}},{"start":{"line":40,"column":20},"end":{"line":40,"column":70}},{"start":{"line":41,"column":20},"end":{"line":41,"column":71}},{"start":{"line":42,"column":20},"end":{"line":42,"column":29}}]},"2":{"line":44,"type":"binary-expr","locations":[{"start":{"line":44,"column":23},"end":{"line":44,"column":37}},{"start":{"line":45,"column":20},"end":{"line":45,"column":61}},{"start":{"line":46,"column":20},"end":{"line":46,"column":70}},{"start":{"line":47,"column":20},"end":{"line":47,"column":26}}]},"3":{"line":51,"type":"cond-expr","locations":[{"start":{"line":52,"column":14},"end":{"line":52,"column":20}},{"start":{"line":53,"column":14},"end":{"line":53,"column":20}}]},"4":{"line":55,"type":"binary-expr","locations":[{"start":{"line":55,"column":16},"end":{"line":55,"column":44}},{"start":{"line":55,"column":49},"end":{"line":57,"column":43}}]},"5":{"line":55,"type":"cond-expr","locations":[{"start":{"line":56,"column":14},"end":{"line":56,"column":51}},{"start":{"line":57,"column":14},"end":{"line":57,"column":43}}]},"6":{"line":61,"type":"switch","locations":[{"start":{"line":68,"column":4},"end":{"line":150,"column":14},"skip":true},{"start":{"line":156,"column":4},"end":{"line":324,"column":14},"skip":true}]},"7":{"line":70,"type":"if","locations":[{"start":{"line":70,"column":12},"end":{"line":70,"column":12},"skip":true},{"start":{"line":70,"column":12},"end":{"line":70,"column":12},"skip":true}]},"8":{"line":70,"type":"binary-expr","locations":[{"start":{"line":70,"column":16},"end":{"line":70,"column":22},"skip":true},{"start":{"line":70,"column":27},"end":{"line":70,"column":32},"skip":true},{"start":{"line":71,"column":20},"end":{"line":71,"column":39},"skip":true},{"start":{"line":72,"column":20},"end":{"line":72,"column":49},"skip":true},{"start":{"line":73,"column":20},"end":{"line":73,"column":58},"skip":true},{"start":{"line":74,"column":20},"end":{"line":74,"column":69},"skip":true}]},"9":{"line":79,"type":"switch","locations":[{"start":{"line":80,"column":20},"end":{"line":80,"column":33},"skip":true},{"start":{"line":81,"column":20},"end":{"line":83,"column":30},"skip":true},{"start":{"line":84,"column":20},"end":{"line":85,"column":49},"skip":true}]},"10":{"line":89,"type":"switch","locations":[{"start":{"line":90,"column":12},"end":{"line":103,"column":22},"skip":true},{"start":{"line":105,"column":12},"end":{"line":106,"column":22},"skip":true}]},"11":{"line":89,"type":"binary-expr","locations":[{"start":{"line":89,"column":20},"end":{"line":89,"column":25},"skip":true},{"start":{"line":89,"column":29},"end":{"line":89,"column":48},"skip":true},{"start":{"line":89,"column":52},"end":{"line":89,"column":74},"skip":true}]},"12":{"line":92,"type":"if","locations":[{"start":{"line":92,"column":16},"end":{"line":92,"column":16},"skip":true},{"start":{"line":92,"column":16},"end":{"line":92,"column":16},"skip":true}]},"13":{"line":108,"type":"if","locations":[{"start":{"line":108,"column":12},"end":{"line":108,"column":12},"skip":true},{"start":{"line":108,"column":12},"end":{"line":108,"column":12},"skip":true}]},"14":{"line":108,"type":"binary-expr","locations":[{"start":{"line":108,"column":16},"end":{"line":108,"column":61},"skip":true},{"start":{"line":108,"column":66},"end":{"line":108,"column":72},"skip":true},{"start":{"line":108,"column":77},"end":{"line":108,"column":82},"skip":true},{"start":{"line":109,"column":20},"end":{"line":109,"column":39},"skip":true},{"start":{"line":110,"column":20},"end":{"line":110,"column":49},"skip":true},{"start":{"line":111,"column":20},"end":{"line":111,"column":58},"skip":true},{"start":{"line":112,"column":20},"end":{"line":112,"column":68},"skip":true}]},"15":{"line":129,"type":"if","locations":[{"start":{"line":129,"column":16},"end":{"line":129,"column":16},"skip":true},{"start":{"line":129,"column":16},"end":{"line":129,"column":16},"skip":true}]},"16":{"line":134,"type":"cond-expr","locations":[{"start":{"line":135,"column":26},"end":{"line":135,"column":29},"skip":true},{"start":{"line":136,"column":26},"end":{"line":136,"column":54},"skip":true}]},"17":{"line":164,"type":"binary-expr","locations":[{"start":{"line":164,"column":27},"end":{"line":164,"column":43},"skip":true},{"start":{"line":164,"column":47},"end":{"line":164,"column":49},"skip":true}]},"18":{"line":258,"type":"if","locations":[{"start":{"line":258,"column":8},"end":{"line":258,"column":8},"skip":true},{"start":{"line":258,"column":8},"end":{"line":258,"column":8},"skip":true}]},"19":{"line":275,"type":"switch","locations":[{"start":{"line":276,"column":20},"end":{"line":277,"column":64},"skip":true},{"start":{"line":278,"column":20},"end":{"line":279,"column":40},"skip":true},{"start":{"line":280,"column":20},"end":{"line":281,"column":40},"skip":true},{"start":{"line":282,"column":20},"end":{"line":283,"column":39},"skip":true}]},"20":{"line":288,"type":"if","locations":[{"start":{"line":288,"column":8},"end":{"line":288,"column":8},"skip":true},{"start":{"line":288,"column":8},"end":{"line":288,"column":8},"skip":true}]},"21":{"line":288,"type":"binary-expr","locations":[{"start":{"line":288,"column":12},"end":{"line":288,"column":40},"skip":true},{"start":{"line":288,"column":44},"end":{"line":288,"column":67},"skip":true}]},"22":{"line":292,"type":"binary-expr","locations":[{"start":{"line":292,"column":12},"end":{"line":292,"column":50},"skip":true},{"start":{"line":293,"column":12},"end":{"line":293,"column":53},"skip":true}]},"23":{"line":297,"type":"binary-expr","locations":[{"start":{"line":297,"column":12},"end":{"line":297,"column":65},"skip":true},{"start":{"line":298,"column":12},"end":{"line":301,"column":36},"skip":true}]},"24":{"line":303,"type":"binary-expr","locations":[{"start":{"line":303,"column":43},"end":{"line":303,"column":75},"skip":true},{"start":{"line":303,"column":79},"end":{"line":303,"column":81},"skip":true}]},"25":{"line":306,"type":"if","locations":[{"start":{"line":306,"column":8},"end":{"line":306,"column":8},"skip":true},{"start":{"line":306,"column":8},"end":{"line":306,"column":8},"skip":true}]},"26":{"line":310,"type":"if","locations":[{"start":{"line":310,"column":8},"end":{"line":310,"column":8},"skip":true},{"start":{"line":310,"column":8},"end":{"line":310,"column":8},"skip":true}]},"27":{"line":313,"type":"binary-expr","locations":[{"start":{"line":313,"column":27},"end":{"line":313,"column":43},"skip":true},{"start":{"line":313,"column":47},"end":{"line":313,"column":53},"skip":true}]},"28":{"line":317,"type":"if","locations":[{"start":{"line":317,"column":12},"end":{"line":317,"column":12},"skip":true},{"start":{"line":317,"column":12},"end":{"line":317,"column":12},"skip":true}]}},"code":["/*","example.js","","quickstart example","","instruction","    1. save this script as example.js","    2. run the shell command:","        $ npm install npmtest-sassdoc && PORT=8081 node example.js","    3. play with the browser-demo on http://127.0.0.1:8081","*/","","","","/* istanbul instrument in package npmtest_sassdoc */","/*jslint","    bitwise: true,","    browser: true,","    maxerr: 8,","    maxlen: 96,","    node: true,","    nomen: true,","    regexp: true,","    stupid: true","*/","(function () {","    'use strict';","    var local;","","","","    // run shared js-env code - pre-init","    (function () {","        // init local","        local = {};","        // init modeJs","        local.modeJs = (function () {","            try {","                return typeof navigator.userAgent === 'string' &&","                    typeof document.querySelector('body') === 'object' &&","                    typeof XMLHttpRequest.prototype.open === 'function' &&","                    'browser';","            } catch (errorCaughtBrowser) {","                return module.exports &&","                    typeof process.versions.node === 'string' &&","                    typeof require('http').createServer === 'function' &&","                    'node';","            }","        }());","        // init global","        local.global = local.modeJs === 'browser'","            ? window","            : global;","        // init utility2_rollup","        local = local.global.utility2_rollup || (local.modeJs === 'browser'","            ? local.global.utility2_npmtest_sassdoc","            : global.utility2_moduleExports);","        // export local","        local.global.local = local;","    }());","    switch (local.modeJs) {","","","","    // post-init","    // run browser js-env code - post-init","    /* istanbul ignore next */","    case 'browser':","        local.testRunBrowser = function (event) {","            if (!event || (event &&","                    event.currentTarget &&","                    event.currentTarget.className &&","                    event.currentTarget.className.includes &&","                    event.currentTarget.className.includes('onreset'))) {","                // reset output","                Array.from(","                    document.querySelectorAll('body > .resettable')","                ).forEach(function (element) {","                    switch (element.tagName) {","                    case 'INPUT':","                    case 'TEXTAREA':","                        element.value = '';","                        break;","                    default:","                        element.textContent = '';","                    }","                });","            }","            switch (event && event.currentTarget && event.currentTarget.id) {","            case 'testRunButton1':","                // show tests","                if (document.querySelector('#testReportDiv1').style.display === 'none') {","                    document.querySelector('#testReportDiv1').style.display = 'block';","                    document.querySelector('#testRunButton1').textContent =","                        'hide internal test';","                    local.modeTest = true;","                    local.testRunDefault(local);","                // hide tests","                } else {","                    document.querySelector('#testReportDiv1').style.display = 'none';","                    document.querySelector('#testRunButton1').textContent = 'run internal test';","                }","                break;","            // custom-case","            default:","                break;","            }","            if (document.querySelector('#inputTextareaEval1') && (!event || (event &&","                    event.currentTarget &&","                    event.currentTarget.className &&","                    event.currentTarget.className.includes &&","                    event.currentTarget.className.includes('oneval')))) {","                // try to eval input-code","                try {","                    /*jslint evil: true*/","                    eval(document.querySelector('#inputTextareaEval1').value);","                } catch (errorCaught) {","                    console.error(errorCaught);","                }","            }","        };","        // log stderr and stdout to #outputTextareaStdout1","        ['error', 'log'].forEach(function (key) {","            console[key + '_original'] = console[key];","            console[key] = function () {","                var element;","                console[key + '_original'].apply(console, arguments);","                element = document.querySelector('#outputTextareaStdout1');","                if (!element) {","                    return;","                }","                // append text to #outputTextareaStdout1","                element.value += Array.from(arguments).map(function (arg) {","                    return typeof arg === 'string'","                        ? arg","                        : JSON.stringify(arg, null, 4);","                }).join(' ') + '\\n';","                // scroll textarea to bottom","                element.scrollTop = element.scrollHeight;","            };","        });","        // init event-handling","        ['change', 'click', 'keyup'].forEach(function (event) {","            Array.from(document.querySelectorAll('.on' + event)).forEach(function (element) {","                element.addEventListener(event, local.testRunBrowser);","            });","        });","        // run tests","        local.testRunBrowser();","        break;","","","","    // run node js-env code - post-init","    /* istanbul ignore next */","    case 'node':","        // export local","        module.exports = local;","        // require modules","        local.fs = require('fs');","        local.http = require('http');","        local.url = require('url');","        // init assets","        local.assetsDict = local.assetsDict || {};","        /* jslint-ignore-begin */","        local.assetsDict['/assets.index.template.html'] = '\\","<!doctype html>\\n\\","<html lang=\"en\">\\n\\","<head>\\n\\","<meta charset=\"UTF-8\">\\n\\","<meta name=\"viewport\" content=\"width=device-width, initial-scale=1\">\\n\\","<title>{{env.npm_package_name}} (v{{env.npm_package_version}})</title>\\n\\","<style>\\n\\","/*csslint\\n\\","    box-sizing: false,\\n\\","    universal-selector: false\\n\\","*/\\n\\","* {\\n\\","    box-sizing: border-box;\\n\\","}\\n\\","body {\\n\\","    background: #dde;\\n\\","    font-family: Arial, Helvetica, sans-serif;\\n\\","    margin: 2rem;\\n\\","}\\n\\","body > * {\\n\\","    margin-bottom: 1rem;\\n\\","}\\n\\",".utility2FooterDiv {\\n\\","    margin-top: 20px;\\n\\","    text-align: center;\\n\\","}\\n\\","</style>\\n\\","<style>\\n\\","/*csslint\\n\\","*/\\n\\","textarea {\\n\\","    font-family: monospace;\\n\\","    height: 10rem;\\n\\","    width: 100%;\\n\\","}\\n\\","textarea[readonly] {\\n\\","    background: #ddd;\\n\\","}\\n\\","</style>\\n\\","</head>\\n\\","<body>\\n\\","<!-- utility2-comment\\n\\","<div id=\"ajaxProgressDiv1\" style=\"background: #d00; height: 2px; left: 0; margin: 0; padding: 0; position: fixed; top: 0; transition: background 0.5s, width 1.5s; width: 25%;\"></div>\\n\\","utility2-comment -->\\n\\","<h1>\\n\\","<!-- utility2-comment\\n\\","    <a\\n\\","        {{#if env.npm_package_homepage}}\\n\\","        href=\"{{env.npm_package_homepage}}\"\\n\\","        {{/if env.npm_package_homepage}}\\n\\","        target=\"_blank\"\\n\\","    >\\n\\","utility2-comment -->\\n\\","        {{env.npm_package_name}} (v{{env.npm_package_version}})\\n\\","<!-- utility2-comment\\n\\","    </a>\\n\\","utility2-comment -->\\n\\","</h1>\\n\\","<h3>{{env.npm_package_description}}</h3>\\n\\","<!-- utility2-comment\\n\\","<h4><a download href=\"assets.app.js\">download standalone app</a></h4>\\n\\","<button class=\"onclick onreset\" id=\"testRunButton1\">run internal test</button><br>\\n\\","<div id=\"testReportDiv1\" style=\"display: none;\"></div>\\n\\","utility2-comment -->\\n\\","\\n\\","\\n\\","\\n\\","<label>stderr and stdout</label>\\n\\","<textarea class=\"resettable\" id=\"outputTextareaStdout1\" readonly></textarea>\\n\\","<!-- utility2-comment\\n\\","{{#if isRollup}}\\n\\","<script src=\"assets.app.js\"></script>\\n\\","{{#unless isRollup}}\\n\\","utility2-comment -->\\n\\","<script src=\"assets.utility2.rollup.js\"></script>\\n\\","<script src=\"jsonp.utility2._stateInit?callback=window.utility2._stateInit\"></script>\\n\\","<script src=\"assets.npmtest_sassdoc.rollup.js\"></script>\\n\\","<script src=\"assets.example.js\"></script>\\n\\","<script src=\"assets.test.js\"></script>\\n\\","<!-- utility2-comment\\n\\","{{/if isRollup}}\\n\\","utility2-comment -->\\n\\","<div class=\"utility2FooterDiv\">\\n\\","    [ this app was created with\\n\\","    <a href=\"https://github.com/kaizhu256/node-utility2\" target=\"_blank\">utility2</a>\\n\\","    ]\\n\\","</div>\\n\\","</body>\\n\\","</html>\\n\\","';","        /* jslint-ignore-end */","        if (local.templateRender) {","            local.assetsDict['/'] = local.templateRender(","                local.assetsDict['/assets.index.template.html'],","                {","                    env: local.objectSetDefault(local.env, {","                        npm_package_description: 'the greatest app in the world!',","                        npm_package_name: 'my-app',","                        npm_package_nameAlias: 'my_app',","                        npm_package_version: '0.0.1'","                    })","                }","            );","        } else {","            local.assetsDict['/'] = local.assetsDict['/assets.index.template.html']","                .replace((/\\{\\{env\\.(\\w+?)\\}\\}/g), function (match0, match1) {","                    // jslint-hack","                    String(match0);","                    switch (match1) {","                    case 'npm_package_description':","                        return 'the greatest app in the world!';","                    case 'npm_package_name':","                        return 'my-app';","                    case 'npm_package_nameAlias':","                        return 'my_app';","                    case 'npm_package_version':","                        return '0.0.1';","                    }","                });","        }","        // run the cli","        if (local.global.utility2_rollup || module !== require.main) {","            break;","        }","        local.assetsDict['/assets.example.js'] =","            local.assetsDict['/assets.example.js'] ||","            local.fs.readFileSync(__filename, 'utf8');","        // bug-workaround - long $npm_package_buildCustomOrg","        /* jslint-ignore-begin */","        local.assetsDict['/assets.npmtest_sassdoc.rollup.js'] =","            local.assetsDict['/assets.npmtest_sassdoc.rollup.js'] ||","            local.fs.readFileSync(","                local.npmtest_sassdoc.__dirname + '/lib.npmtest_sassdoc.js',","                'utf8'","            ).replace((/^#!/), '//');","        /* jslint-ignore-end */","        local.assetsDict['/favicon.ico'] = local.assetsDict['/favicon.ico'] || '';","        // if $npm_config_timeout_exit exists,","        // then exit this process after $npm_config_timeout_exit ms","        if (Number(process.env.npm_config_timeout_exit)) {","            setTimeout(process.exit, Number(process.env.npm_config_timeout_exit));","        }","        // start server","        if (local.global.utility2_serverHttp1) {","            break;","        }","        process.env.PORT = process.env.PORT || '8081';","        console.error('server starting on port ' + process.env.PORT);","        local.http.createServer(function (request, response) {","            request.urlParsed = local.url.parse(request.url);","            if (local.assetsDict[request.urlParsed.pathname] !== undefined) {","                response.end(local.assetsDict[request.urlParsed.pathname]);","                return;","            }","            response.statusCode = 404;","            response.end();","        }).listen(process.env.PORT);","        break;","    }","}());",""],"l":{"26":2,"28":2,"33":2,"35":2,"37":2,"38":2,"39":2,"44":1,"51":2,"55":2,"59":2,"61":2,"69":1,"70":2,"76":2,"79":2,"82":2,"83":2,"85":1,"89":2,"92":1,"93":1,"94":1,"96":1,"97":1,"100":1,"101":1,"103":1,"106":1,"108":2,"114":1,"116":1,"118":1,"123":1,"124":2,"125":2,"126":3,"127":3,"128":3,"129":3,"130":1,"133":3,"134":3,"139":3,"143":1,"144":3,"145":1,"149":1,"150":1,"158":1,"160":1,"161":1,"162":1,"164":1,"166":1,"258":1,"259":1,"271":1,"274":6,"275":6,"277":1,"279":2,"281":1,"283":2,"288":1,"289":1,"291":1,"296":1,"303":1,"306":1,"307":1,"310":1,"311":1,"313":1,"314":1,"315":1,"316":1,"317":1,"318":1,"319":1,"321":1,"322":1,"324":1}},"/home/travis/build/npmtest/node-npmtest-sassdoc/node_modules/sassdoc/index.js":{"path":"/home/travis/build/npmtest/node-npmtest-sassdoc/node_modules/sassdoc/index.js","s":{"1":1,"2":1,"3":1,"4":1,"5":1,"6":1,"7":1,"8":1,"9":1,"10":1},"b":{},"f":{},"fnMap":{},"statementMap":{"1":{"start":{"line":3,"column":0},"end":{"line":3,"column":39}},"2":{"start":{"line":5,"column":0},"end":{"line":5,"column":32}},"3":{"start":{"line":6,"column":0},"end":{"line":6,"column":48}},"4":{"start":{"line":7,"column":0},"end":{"line":7,"column":60}},"5":{"start":{"line":8,"column":0},"end":{"line":8,"column":36}},"6":{"start":{"line":9,"column":0},"end":{"line":9,"column":48}},"7":{"start":{"line":10,"column":0},"end":{"line":10,"column":38}},"8":{"start":{"line":11,"column":0},"end":{"line":11,"column":38}},"9":{"start":{"line":12,"column":0},"end":{"line":12,"column":38}},"10":{"start":{"line":13,"column":0},"end":{"line":13,"column":38}}},"branchMap":{},"code":["'use strict'","","var sassdoc = require('./dist/sassdoc')","","module.exports = sassdoc.default","module.exports.parseFilter = sassdoc.parseFilter","module.exports.ensureEnvironment = sassdoc.ensureEnvironment","module.exports.parse = sassdoc.parse","module.exports.Environment = sassdoc.Environment","module.exports.Logger = sassdoc.Logger","module.exports.Parser = sassdoc.Parser","module.exports.sorter = sassdoc.sorter","module.exports.errors = sassdoc.errors",""],"l":{"3":1,"5":1,"6":1,"7":1,"8":1,"9":1,"10":1,"11":1,"12":1,"13":1}},"/home/travis/build/npmtest/node-npmtest-sassdoc/node_modules/sassdoc/dist/sassdoc.js":{"path":"/home/travis/build/npmtest/node-npmtest-sassdoc/node_modules/sassdoc/dist/sassdoc.js","s":{"1":1,"2":1,"3":1,"4":1,"5":1,"6":1,"7":1,"8":1,"9":1,"10":1,"11":1,"12":1,"13":1,"14":1,"15":1,"16":1,"17":0,"18":0,"19":0,"20":0,"21":0,"22":0,"23":0,"24":0,"25":0,"26":0,"27":0,"28":0,"29":0,"30":0,"31":0,"32":0,"33":0,"34":0,"35":0,"36":0,"37":0,"38":0,"39":0,"40":0,"41":0,"42":0,"43":0,"44":0,"45":1,"46":0,"47":1,"48":1,"49":1,"50":1,"51":1,"52":1,"53":1,"54":1,"55":1,"56":1,"57":1,"58":1,"59":1,"60":1,"61":1,"62":1,"63":1,"64":1,"65":1,"66":1,"67":1,"68":1,"69":1,"70":1,"71":1,"72":1,"73":1,"74":1,"75":1,"76":1,"77":1,"78":1,"79":1,"80":1,"81":1,"82":1,"83":1,"84":1,"85":0,"86":0,"87":0,"88":0,"89":0,"90":0,"91":0,"92":1,"93":20,"94":1,"95":1,"96":1,"97":1,"98":1,"99":1,"100":1,"101":0,"102":0,"103":0,"104":0,"105":1,"106":0,"107":0,"108":0,"109":0,"110":0,"111":0,"112":0,"113":0,"114":0,"115":0,"116":0,"117":1,"118":0,"119":0,"120":0,"121":0,"122":0,"123":1,"124":0,"125":0,"126":0,"127":0,"128":0,"129":0,"130":0,"131":0,"132":0,"133":0,"134":0,"135":0,"136":0,"137":0,"138":0,"139":0,"140":0,"141":0,"142":0,"143":0,"144":0,"145":0,"146":0,"147":0,"148":0,"149":0,"150":0,"151":1,"152":0,"153":0,"154":0,"155":0,"156":1,"157":0,"158":0,"159":0,"160":0,"161":0,"162":0,"163":0,"164":1,"165":0,"166":0,"167":0,"168":0,"169":0,"170":0,"171":0,"172":0,"173":0,"174":0,"175":0,"176":0,"177":0,"178":0,"179":0,"180":0,"181":0,"182":0,"183":0,"184":0,"185":0,"186":0,"187":0,"188":0,"189":0,"190":0,"191":0,"192":0,"193":0,"194":0,"195":0,"196":0,"197":1,"198":0,"199":0,"200":0,"201":0,"202":0,"203":0,"204":0,"205":0,"206":0,"207":0,"208":0,"209":0,"210":0,"211":0,"212":1,"213":0,"214":0,"215":0,"216":0,"217":0,"218":0,"219":0,"220":0,"221":1,"222":0,"223":0,"224":0,"225":0,"226":0,"227":0,"228":0,"229":0,"230":0,"231":0,"232":0,"233":0,"234":0,"235":0,"236":0,"237":0,"238":0,"239":0,"240":0,"241":0,"242":0,"243":0,"244":0,"245":0,"246":0,"247":0,"248":0,"249":0,"250":0,"251":0,"252":0,"253":0,"254":0,"255":1,"256":0,"257":0,"258":0,"259":1,"260":0,"261":1,"262":0,"263":0},"b":{"1":[0,0,0,0,0,0],"2":[0,0],"3":[0,0],"4":[1,0],"5":[1,1],"6":[0,0],"7":[0,0],"8":[11,9],"9":[20,20],"10":[0,0],"11":[0,0],"12":[0,0],"13":[0,0],"14":[0,0],"15":[0,0],"16":[0,0],"17":[0,0],"18":[0,0],"19":[0,0],"20":[0,0],"21":[0,0,0,0,0,0,0,0],"22":[0,0],"23":[0,0],"24":[0,0],"25":[0,0],"26":[0,0,0,0,0,0],"27":[0,0,0,0],"28":[0,0],"29":[0,0],"30":[0,0],"31":[0,0],"32":[0,0]},"f":{"1":1,"2":0,"3":0,"4":0,"5":0,"6":0,"7":0,"8":0,"9":0,"10":1,"11":20,"12":0,"13":0,"14":0,"15":0,"16":0,"17":0,"18":0,"19":0,"20":0,"21":0,"22":0,"23":0,"24":0,"25":0,"26":0,"27":0,"28":0,"29":0,"30":0,"31":0,"32":0,"33":0,"34":0,"35":0,"36":0,"37":0,"38":0,"39":0,"40":0,"41":0,"42":0,"43":0,"44":0,"45":0,"46":0,"47":0,"48":0,"49":0,"50":0,"51":0,"52":0,"53":0,"54":0,"55":0,"56":0,"57":0,"58":0},"fnMap":{"1":{"name":"(anonymous_1)","line":35,"loc":{"start":{"line":35,"column":22},"end":{"line":35,"column":34}}},"2":{"name":"_callee4","line":36,"loc":{"start":{"line":36,"column":73},"end":{"line":36,"column":96}}},"3":{"name":"_callee4$","line":38,"loc":{"start":{"line":38,"column":38},"end":{"line":38,"column":68}}},"4":{"name":"(anonymous_4)","line":45,"loc":{"start":{"line":45,"column":32},"end":{"line":45,"column":48}}},"5":{"name":"(anonymous_5)","line":50,"loc":{"start":{"line":50,"column":31},"end":{"line":50,"column":43}}},"6":{"name":"pipeline","line":59,"loc":{"start":{"line":59,"column":23},"end":{"line":59,"column":43}}},"7":{"name":"(anonymous_7)","line":60,"loc":{"start":{"line":60,"column":43},"end":{"line":60,"column":70}}},"8":{"name":"(anonymous_8)","line":61,"loc":{"start":{"line":61,"column":69},"end":{"line":61,"column":84}}},"9":{"name":"baseDocumentize","line":93,"loc":{"start":{"line":93,"column":9},"end":{"line":93,"column":39}}},"10":{"name":"_interopRequireWildcard","line":176,"loc":{"start":{"line":176,"column":0},"end":{"line":176,"column":38}}},"11":{"name":"_interopRequireDefault","line":178,"loc":{"start":{"line":178,"column":0},"end":{"line":178,"column":37}}},"12":{"name":"parseFilter","line":197,"loc":{"start":{"line":197,"column":0},"end":{"line":197,"column":23}}},"13":{"name":"ensureEnvironment","line":212,"loc":{"start":{"line":212,"column":0},"end":{"line":212,"column":35}}},"14":{"name":"(anonymous_14)","line":213,"loc":{"start":{"line":213,"column":84},"end":{"line":213,"column":97}}},"15":{"name":"ensureLogger","line":236,"loc":{"start":{"line":236,"column":0},"end":{"line":236,"column":30}}},"16":{"name":"sassdoc","line":255,"loc":{"start":{"line":255,"column":0},"end":{"line":255,"column":19}}},"17":{"name":"(anonymous_17)","line":261,"loc":{"start":{"line":261,"column":20},"end":{"line":261,"column":32}}},"18":{"name":"_callee","line":262,"loc":{"start":{"line":262,"column":74},"end":{"line":262,"column":96}}},"19":{"name":"_callee$","line":264,"loc":{"start":{"line":264,"column":40},"end":{"line":264,"column":68}}},"20":{"name":"documentize","line":305,"loc":{"start":{"line":305,"column":11},"end":{"line":305,"column":37}}},"21":{"name":"refresh","line":323,"loc":{"start":{"line":323,"column":2},"end":{"line":323,"column":24}}},"22":{"name":"(anonymous_22)","line":328,"loc":{"start":{"line":328,"column":12},"end":{"line":328,"column":24}}},"23":{"name":"(anonymous_23)","line":330,"loc":{"start":{"line":330,"column":12},"end":{"line":330,"column":24}}},"24":{"name":"(anonymous_24)","line":332,"loc":{"start":{"line":332,"column":13},"end":{"line":332,"column":28}}},"25":{"name":"theme","line":342,"loc":{"start":{"line":342,"column":2},"end":{"line":342,"column":22}}},"26":{"name":"(anonymous_26)","line":350,"loc":{"start":{"line":350,"column":24},"end":{"line":350,"column":36}}},"27":{"name":"stream","line":354,"loc":{"start":{"line":354,"column":3},"end":{"line":354,"column":24}}},"28":{"name":"(anonymous_28)","line":357,"loc":{"start":{"line":357,"column":24},"end":{"line":357,"column":40}}},"29":{"name":"(anonymous_29)","line":367,"loc":{"start":{"line":367,"column":43},"end":{"line":367,"column":70}}},"30":{"name":"(anonymous_30)","line":368,"loc":{"start":{"line":368,"column":24},"end":{"line":368,"column":36}}},"31":{"name":"_callee2","line":369,"loc":{"start":{"line":369,"column":79},"end":{"line":369,"column":99}}},"32":{"name":"_callee2$","line":370,"loc":{"start":{"line":370,"column":44},"end":{"line":370,"column":74}}},"33":{"name":"documentize","line":406,"loc":{"start":{"line":406,"column":15},"end":{"line":406,"column":38}}},"34":{"name":"(anonymous_34)","line":411,"loc":{"start":{"line":411,"column":48},"end":{"line":411,"column":63}}},"35":{"name":"parse","line":427,"loc":{"start":{"line":427,"column":0},"end":{"line":427,"column":17}}},"36":{"name":"(anonymous_36)","line":432,"loc":{"start":{"line":432,"column":20},"end":{"line":432,"column":32}}},"37":{"name":"_callee3","line":433,"loc":{"start":{"line":433,"column":75},"end":{"line":433,"column":98}}},"38":{"name":"_callee3$","line":435,"loc":{"start":{"line":435,"column":40},"end":{"line":435,"column":70}}},"39":{"name":"documentize","line":454,"loc":{"start":{"line":454,"column":11},"end":{"line":454,"column":37}}},"40":{"name":"stream","line":465,"loc":{"start":{"line":465,"column":65},"end":{"line":465,"column":86}}},"41":{"name":"(anonymous_41)","line":468,"loc":{"start":{"line":468,"column":39},"end":{"line":468,"column":64}}},"42":{"name":"(anonymous_42)","line":470,"loc":{"start":{"line":470,"column":7},"end":{"line":470,"column":21}}},"43":{"name":"(anonymous_43)","line":473,"loc":{"start":{"line":473,"column":31},"end":{"line":473,"column":47}}},"44":{"name":"srcEnv","line":481,"loc":{"start":{"line":481,"column":1},"end":{"line":481,"column":38}}},"45":{"name":"(anonymous_45)","line":482,"loc":{"start":{"line":482,"column":9},"end":{"line":482,"column":21}}},"46":{"name":"(anonymous_46)","line":487,"loc":{"start":{"line":487,"column":40},"end":{"line":487,"column":53}}},"47":{"name":"(anonymous_47)","line":494,"loc":{"start":{"line":494,"column":38},"end":{"line":494,"column":50}}},"48":{"name":"(anonymous_48)","line":497,"loc":{"start":{"line":497,"column":41},"end":{"line":497,"column":53}}},"49":{"name":"(anonymous_49)","line":500,"loc":{"start":{"line":500,"column":38},"end":{"line":500,"column":50}}},"50":{"name":"(anonymous_50)","line":504,"loc":{"start":{"line":504,"column":37},"end":{"line":504,"column":49}}},"51":{"name":"(anonymous_51)","line":515,"loc":{"start":{"line":515,"column":34},"end":{"line":515,"column":46}}},"52":{"name":"(anonymous_52)","line":518,"loc":{"start":{"line":518,"column":29},"end":{"line":518,"column":41}}},"53":{"name":"(anonymous_53)","line":524,"loc":{"start":{"line":524,"column":29},"end":{"line":524,"column":41}}},"54":{"name":"(anonymous_54)","line":527,"loc":{"start":{"line":527,"column":127},"end":{"line":527,"column":140}}},"55":{"name":"(anonymous_55)","line":535,"loc":{"start":{"line":535,"column":30},"end":{"line":535,"column":42}}},"56":{"name":"onEmpty","line":548,"loc":{"start":{"line":548,"column":0},"end":{"line":548,"column":28}}},"57":{"name":"init","line":560,"loc":{"start":{"line":560,"column":0},"end":{"line":560,"column":19}}},"58":{"name":"okay","line":568,"loc":{"start":{"line":568,"column":0},"end":{"line":568,"column":19}}}},"statementMap":{"1":{"start":{"line":3,"column":0},"end":{"line":5,"column":3}},"2":{"start":{"line":6,"column":0},"end":{"line":6,"column":100}},"3":{"start":{"line":8,"column":0},"end":{"line":8,"column":90}},"4":{"start":{"line":10,"column":0},"end":{"line":10,"column":73}},"5":{"start":{"line":12,"column":0},"end":{"line":12,"column":56}},"6":{"start":{"line":14,"column":0},"end":{"line":14,"column":43}},"7":{"start":{"line":16,"column":0},"end":{"line":16,"column":65}},"8":{"start":{"line":18,"column":0},"end":{"line":18,"column":53}},"9":{"start":{"line":20,"column":0},"end":{"line":20,"column":56}},"10":{"start":{"line":22,"column":0},"end":{"line":22,"column":49}},"11":{"start":{"line":24,"column":0},"end":{"line":24,"column":56}},"12":{"start":{"line":26,"column":0},"end":{"line":26,"column":57}},"13":{"start":{"line":28,"column":0},"end":{"line":28,"column":75}},"14":{"start":{"line":30,"column":0},"end":{"line":30,"column":68}},"15":{"start":{"line":35,"column":0},"end":{"line":96,"column":4}},"16":{"start":{"line":36,"column":2},"end":{"line":91,"column":6}},"17":{"start":{"line":37,"column":4},"end":{"line":37,"column":34}},"18":{"start":{"line":38,"column":4},"end":{"line":90,"column":33}},"19":{"start":{"line":39,"column":6},"end":{"line":89,"column":7}},"20":{"start":{"line":40,"column":8},"end":{"line":88,"column":9}},"21":{"start":{"line":42,"column":12},"end":{"line":42,"column":38}},"22":{"start":{"line":45,"column":12},"end":{"line":55,"column":15}},"23":{"start":{"line":46,"column":14},"end":{"line":46,"column":78}},"24":{"start":{"line":47,"column":14},"end":{"line":47,"column":30}},"25":{"start":{"line":48,"column":14},"end":{"line":48,"column":33}},"26":{"start":{"line":50,"column":14},"end":{"line":54,"column":17}},"27":{"start":{"line":51,"column":16},"end":{"line":51,"column":108}},"28":{"start":{"line":53,"column":16},"end":{"line":53,"column":62}},"29":{"start":{"line":57,"column":12},"end":{"line":57,"column":190}},"30":{"start":{"line":59,"column":12},"end":{"line":65,"column":14}},"31":{"start":{"line":60,"column":14},"end":{"line":64,"column":17}},"32":{"start":{"line":61,"column":16},"end":{"line":63,"column":30}},"33":{"start":{"line":62,"column":18},"end":{"line":62,"column":55}},"34":{"start":{"line":67,"column":12},"end":{"line":67,"column":31}},"35":{"start":{"line":68,"column":12},"end":{"line":68,"column":31}},"36":{"start":{"line":69,"column":12},"end":{"line":69,"column":30}},"37":{"start":{"line":72,"column":12},"end":{"line":72,"column":32}},"38":{"start":{"line":73,"column":12},"end":{"line":73,"column":18}},"39":{"start":{"line":76,"column":12},"end":{"line":76,"column":31}},"40":{"start":{"line":77,"column":12},"end":{"line":77,"column":49}},"41":{"start":{"line":79,"column":12},"end":{"line":79,"column":44}},"42":{"start":{"line":80,"column":12},"end":{"line":80,"column":31}},"43":{"start":{"line":83,"column":12},"end":{"line":83,"column":56}},"44":{"start":{"line":87,"column":12},"end":{"line":87,"column":36}},"45":{"start":{"line":93,"column":2},"end":{"line":95,"column":4}},"46":{"start":{"line":94,"column":4},"end":{"line":94,"column":40}},"47":{"start":{"line":109,"column":0},"end":{"line":109,"column":34}},"48":{"start":{"line":110,"column":0},"end":{"line":110,"column":46}},"49":{"start":{"line":111,"column":0},"end":{"line":111,"column":26}},"50":{"start":{"line":112,"column":0},"end":{"line":112,"column":22}},"51":{"start":{"line":114,"column":0},"end":{"line":114,"column":32}},"52":{"start":{"line":116,"column":0},"end":{"line":116,"column":44}},"53":{"start":{"line":118,"column":0},"end":{"line":118,"column":57}},"54":{"start":{"line":120,"column":0},"end":{"line":120,"column":34}},"55":{"start":{"line":122,"column":0},"end":{"line":122,"column":47}},"56":{"start":{"line":124,"column":0},"end":{"line":124,"column":34}},"57":{"start":{"line":126,"column":0},"end":{"line":126,"column":47}},"58":{"start":{"line":128,"column":0},"end":{"line":128,"column":34}},"59":{"start":{"line":130,"column":0},"end":{"line":130,"column":46}},"60":{"start":{"line":132,"column":0},"end":{"line":132,"column":34}},"61":{"start":{"line":134,"column":0},"end":{"line":134,"column":47}},"62":{"start":{"line":136,"column":0},"end":{"line":136,"column":36}},"63":{"start":{"line":138,"column":0},"end":{"line":138,"column":49}},"64":{"start":{"line":140,"column":0},"end":{"line":140,"column":36}},"65":{"start":{"line":142,"column":0},"end":{"line":142,"column":49}},"66":{"start":{"line":144,"column":0},"end":{"line":144,"column":24}},"67":{"start":{"line":146,"column":0},"end":{"line":146,"column":39}},"68":{"start":{"line":148,"column":0},"end":{"line":148,"column":28}},"69":{"start":{"line":150,"column":0},"end":{"line":150,"column":43}},"70":{"start":{"line":152,"column":0},"end":{"line":152,"column":43}},"71":{"start":{"line":154,"column":0},"end":{"line":154,"column":47}},"72":{"start":{"line":156,"column":0},"end":{"line":156,"column":37}},"73":{"start":{"line":158,"column":0},"end":{"line":158,"column":51}},"74":{"start":{"line":160,"column":0},"end":{"line":160,"column":35}},"75":{"start":{"line":162,"column":0},"end":{"line":162,"column":49}},"76":{"start":{"line":164,"column":0},"end":{"line":164,"column":43}},"77":{"start":{"line":166,"column":0},"end":{"line":166,"column":57}},"78":{"start":{"line":168,"column":0},"end":{"line":168,"column":38}},"79":{"start":{"line":170,"column":0},"end":{"line":170,"column":53}},"80":{"start":{"line":172,"column":0},"end":{"line":172,"column":35}},"81":{"start":{"line":174,"column":0},"end":{"line":174,"column":49}},"82":{"start":{"line":176,"column":0},"end":{"line":176,"column":269}},"83":{"start":{"line":176,"column":40},"end":{"line":176,"column":267}},"84":{"start":{"line":176,"column":69},"end":{"line":176,"column":80}},"85":{"start":{"line":176,"column":90},"end":{"line":176,"column":106}},"86":{"start":{"line":176,"column":107},"end":{"line":176,"column":228}},"87":{"start":{"line":176,"column":126},"end":{"line":176,"column":226}},"88":{"start":{"line":176,"column":149},"end":{"line":176,"column":224}},"89":{"start":{"line":176,"column":201},"end":{"line":176,"column":224}},"90":{"start":{"line":176,"column":229},"end":{"line":176,"column":250}},"91":{"start":{"line":176,"column":251},"end":{"line":176,"column":265}},"92":{"start":{"line":178,"column":0},"end":{"line":178,"column":95}},"93":{"start":{"line":178,"column":39},"end":{"line":178,"column":93}},"94":{"start":{"line":180,"column":0},"end":{"line":180,"column":53}},"95":{"start":{"line":185,"column":0},"end":{"line":185,"column":44}},"96":{"start":{"line":186,"column":0},"end":{"line":186,"column":34}},"97":{"start":{"line":187,"column":0},"end":{"line":187,"column":34}},"98":{"start":{"line":188,"column":0},"end":{"line":188,"column":34}},"99":{"start":{"line":189,"column":0},"end":{"line":189,"column":24}},"100":{"start":{"line":197,"column":0},"end":{"line":205,"column":1}},"101":{"start":{"line":198,"column":2},"end":{"line":198,"column":83}},"102":{"start":{"line":200,"column":2},"end":{"line":200,"column":31}},"103":{"start":{"line":202,"column":2},"end":{"line":202,"column":77}},"104":{"start":{"line":204,"column":2},"end":{"line":204,"column":25}},"105":{"start":{"line":212,"column":0},"end":{"line":230,"column":1}},"106":{"start":{"line":213,"column":2},"end":{"line":215,"column":4}},"107":{"start":{"line":214,"column":4},"end":{"line":214,"column":12}},"108":{"start":{"line":217,"column":2},"end":{"line":220,"column":3}},"109":{"start":{"line":218,"column":4},"end":{"line":218,"column":32}},"110":{"start":{"line":219,"column":4},"end":{"line":219,"column":18}},"111":{"start":{"line":222,"column":2},"end":{"line":222,"column":36}},"112":{"start":{"line":223,"column":2},"end":{"line":223,"column":97}},"113":{"start":{"line":225,"column":2},"end":{"line":225,"column":27}},"114":{"start":{"line":226,"column":2},"end":{"line":226,"column":19}},"115":{"start":{"line":227,"column":2},"end":{"line":227,"column":20}},"116":{"start":{"line":229,"column":2},"end":{"line":229,"column":13}},"117":{"start":{"line":236,"column":0},"end":{"line":246,"column":1}},"118":{"start":{"line":237,"column":2},"end":{"line":240,"column":3}},"119":{"start":{"line":239,"column":4},"end":{"line":239,"column":85}},"120":{"start":{"line":242,"column":2},"end":{"line":242,"column":55}},"121":{"start":{"line":243,"column":2},"end":{"line":243,"column":23}},"122":{"start":{"line":245,"column":2},"end":{"line":245,"column":16}},"123":{"start":{"line":255,"column":0},"end":{"line":418,"column":1}},"124":{"start":{"line":261,"column":2},"end":{"line":308,"column":6}},"125":{"start":{"line":262,"column":4},"end":{"line":303,"column":8}},"126":{"start":{"line":263,"column":6},"end":{"line":263,"column":15}},"127":{"start":{"line":264,"column":6},"end":{"line":302,"column":35}},"128":{"start":{"line":265,"column":8},"end":{"line":301,"column":9}},"129":{"start":{"line":266,"column":10},"end":{"line":300,"column":11}},"130":{"start":{"line":268,"column":14},"end":{"line":268,"column":24}},"131":{"start":{"line":269,"column":14},"end":{"line":269,"column":32}},"132":{"start":{"line":270,"column":14},"end":{"line":270,"column":42}},"133":{"start":{"line":273,"column":14},"end":{"line":273,"column":35}},"134":{"start":{"line":274,"column":14},"end":{"line":274,"column":32}},"135":{"start":{"line":275,"column":14},"end":{"line":275,"column":32}},"136":{"start":{"line":276,"column":14},"end":{"line":276,"column":34}},"137":{"start":{"line":279,"column":14},"end":{"line":279,"column":32}},"138":{"start":{"line":280,"column":14},"end":{"line":280,"column":32}},"139":{"start":{"line":283,"column":14},"end":{"line":283,"column":24}},"140":{"start":{"line":284,"column":14},"end":{"line":284,"column":33}},"141":{"start":{"line":285,"column":14},"end":{"line":285,"column":20}},"142":{"start":{"line":288,"column":14},"end":{"line":288,"column":33}},"143":{"start":{"line":289,"column":14},"end":{"line":289,"column":49}},"144":{"start":{"line":291,"column":14},"end":{"line":291,"column":45}},"145":{"start":{"line":292,"column":14},"end":{"line":292,"column":32}},"146":{"start":{"line":295,"column":14},"end":{"line":295,"column":53}},"147":{"start":{"line":299,"column":14},"end":{"line":299,"column":37}},"148":{"start":{"line":305,"column":4},"end":{"line":307,"column":6}},"149":{"start":{"line":306,"column":6},"end":{"line":306,"column":41}},"150":{"start":{"line":317,"column":2},"end":{"line":317,"column":65}},"151":{"start":{"line":323,"column":2},"end":{"line":336,"column":3}},"152":{"start":{"line":324,"column":4},"end":{"line":335,"column":7}},"153":{"start":{"line":329,"column":6},"end":{"line":329,"column":29}},"154":{"start":{"line":331,"column":6},"end":{"line":331,"column":81}},"155":{"start":{"line":334,"column":6},"end":{"line":334,"column":49}},"156":{"start":{"line":342,"column":2},"end":{"line":354,"column":3}},"157":{"start":{"line":343,"column":4},"end":{"line":343,"column":43}},"158":{"start":{"line":345,"column":4},"end":{"line":348,"column":5}},"159":{"start":{"line":346,"column":6},"end":{"line":346,"column":57}},"160":{"start":{"line":347,"column":6},"end":{"line":347,"column":82}},"161":{"start":{"line":350,"column":4},"end":{"line":353,"column":7}},"162":{"start":{"line":351,"column":6},"end":{"line":351,"column":57}},"163":{"start":{"line":352,"column":6},"end":{"line":352,"column":76}},"164":{"start":{"line":354,"column":3},"end":{"line":417,"column":3}},"165":{"start":{"line":355,"column":4},"end":{"line":355,"column":34}},"166":{"start":{"line":357,"column":4},"end":{"line":361,"column":7}},"167":{"start":{"line":358,"column":6},"end":{"line":358,"column":58}},"168":{"start":{"line":359,"column":6},"end":{"line":359,"column":22}},"169":{"start":{"line":360,"column":6},"end":{"line":360,"column":25}},"170":{"start":{"line":367,"column":4},"end":{"line":414,"column":7}},"171":{"start":{"line":368,"column":6},"end":{"line":409,"column":10}},"172":{"start":{"line":369,"column":8},"end":{"line":404,"column":12}},"173":{"start":{"line":370,"column":10},"end":{"line":403,"column":40}},"174":{"start":{"line":371,"column":12},"end":{"line":402,"column":13}},"175":{"start":{"line":372,"column":14},"end":{"line":401,"column":15}},"176":{"start":{"line":374,"column":18},"end":{"line":374,"column":37}},"177":{"start":{"line":376,"column":18},"end":{"line":376,"column":28}},"178":{"start":{"line":377,"column":18},"end":{"line":377,"column":37}},"179":{"start":{"line":378,"column":18},"end":{"line":378,"column":38}},"180":{"start":{"line":381,"column":18},"end":{"line":381,"column":37}},"181":{"start":{"line":382,"column":18},"end":{"line":382,"column":36}},"182":{"start":{"line":385,"column":18},"end":{"line":385,"column":28}},"183":{"start":{"line":386,"column":18},"end":{"line":386,"column":28}},"184":{"start":{"line":387,"column":18},"end":{"line":387,"column":38}},"185":{"start":{"line":388,"column":18},"end":{"line":388,"column":24}},"186":{"start":{"line":391,"column":18},"end":{"line":391,"column":38}},"187":{"start":{"line":392,"column":18},"end":{"line":392,"column":55}},"188":{"start":{"line":394,"column":18},"end":{"line":394,"column":39}},"189":{"start":{"line":395,"column":18},"end":{"line":395,"column":50}},"190":{"start":{"line":396,"column":18},"end":{"line":396,"column":37}},"191":{"start":{"line":400,"column":18},"end":{"line":400,"column":42}},"192":{"start":{"line":406,"column":8},"end":{"line":408,"column":10}},"193":{"start":{"line":407,"column":10},"end":{"line":407,"column":46}},"194":{"start":{"line":411,"column":6},"end":{"line":413,"column":18}},"195":{"start":{"line":412,"column":8},"end":{"line":412,"column":38}},"196":{"start":{"line":416,"column":4},"end":{"line":416,"column":18}},"197":{"start":{"line":427,"column":0},"end":{"line":481,"column":1}},"198":{"start":{"line":432,"column":2},"end":{"line":457,"column":6}},"199":{"start":{"line":433,"column":4},"end":{"line":452,"column":8}},"200":{"start":{"line":434,"column":6},"end":{"line":434,"column":15}},"201":{"start":{"line":435,"column":6},"end":{"line":451,"column":25}},"202":{"start":{"line":436,"column":8},"end":{"line":450,"column":9}},"203":{"start":{"line":437,"column":10},"end":{"line":449,"column":11}},"204":{"start":{"line":439,"column":14},"end":{"line":439,"column":33}},"205":{"start":{"line":440,"column":14},"end":{"line":440,"column":42}},"206":{"start":{"line":443,"column":14},"end":{"line":443,"column":36}},"207":{"start":{"line":444,"column":14},"end":{"line":444,"column":54}},"208":{"start":{"line":448,"column":14},"end":{"line":448,"column":38}},"209":{"start":{"line":454,"column":4},"end":{"line":456,"column":6}},"210":{"start":{"line":455,"column":6},"end":{"line":455,"column":42}},"211":{"start":{"line":465,"column":2},"end":{"line":465,"column":65}},"212":{"start":{"line":465,"column":65},"end":{"line":480,"column":3}},"213":{"start":{"line":466,"column":4},"end":{"line":466,"column":39}},"214":{"start":{"line":468,"column":4},"end":{"line":477,"column":7}},"215":{"start":{"line":469,"column":6},"end":{"line":469,"column":18}},"216":{"start":{"line":471,"column":6},"end":{"line":471,"column":23}},"217":{"start":{"line":473,"column":6},"end":{"line":476,"column":13}},"218":{"start":{"line":474,"column":8},"end":{"line":474,"column":25}},"219":{"start":{"line":475,"column":8},"end":{"line":475,"column":13}},"220":{"start":{"line":479,"column":4},"end":{"line":479,"column":57}},"221":{"start":{"line":481,"column":1},"end":{"line":541,"column":1}},"222":{"start":{"line":482,"column":2},"end":{"line":540,"column":4}},"223":{"start":{"line":483,"column":4},"end":{"line":485,"column":5}},"224":{"start":{"line":484,"column":6},"end":{"line":484,"column":35}},"225":{"start":{"line":487,"column":4},"end":{"line":489,"column":7}},"226":{"start":{"line":488,"column":6},"end":{"line":488,"column":55}},"227":{"start":{"line":490,"column":4},"end":{"line":490,"column":63}},"228":{"start":{"line":492,"column":4},"end":{"line":492,"column":33}},"229":{"start":{"line":494,"column":4},"end":{"line":496,"column":7}},"230":{"start":{"line":495,"column":6},"end":{"line":495,"column":52}},"231":{"start":{"line":497,"column":4},"end":{"line":499,"column":7}},"232":{"start":{"line":498,"column":6},"end":{"line":498,"column":48}},"233":{"start":{"line":500,"column":4},"end":{"line":502,"column":7}},"234":{"start":{"line":501,"column":6},"end":{"line":501,"column":39}},"235":{"start":{"line":504,"column":4},"end":{"line":513,"column":7}},"236":{"start":{"line":505,"column":6},"end":{"line":505,"column":73}},"237":{"start":{"line":506,"column":6},"end":{"line":506,"column":80}},"238":{"start":{"line":508,"column":6},"end":{"line":512,"column":7}},"239":{"start":{"line":509,"column":8},"end":{"line":509,"column":36}},"240":{"start":{"line":511,"column":8},"end":{"line":511,"column":25}},"241":{"start":{"line":515,"column":4},"end":{"line":517,"column":7}},"242":{"start":{"line":516,"column":6},"end":{"line":516,"column":30}},"243":{"start":{"line":518,"column":4},"end":{"line":520,"column":7}},"244":{"start":{"line":519,"column":6},"end":{"line":519,"column":27}},"245":{"start":{"line":522,"column":4},"end":{"line":522,"column":18}},"246":{"start":{"line":524,"column":4},"end":{"line":532,"column":7}},"247":{"start":{"line":525,"column":6},"end":{"line":525,"column":21}},"248":{"start":{"line":527,"column":6},"end":{"line":529,"column":9}},"249":{"start":{"line":528,"column":8},"end":{"line":528,"column":33}},"250":{"start":{"line":531,"column":6},"end":{"line":531,"column":54}},"251":{"start":{"line":534,"column":4},"end":{"line":534,"column":46}},"252":{"start":{"line":535,"column":4},"end":{"line":537,"column":7}},"253":{"start":{"line":536,"column":6},"end":{"line":536,"column":48}},"254":{"start":{"line":539,"column":4},"end":{"line":539,"column":21}},"255":{"start":{"line":548,"column":0},"end":{"line":554,"column":1}},"256":{"start":{"line":549,"column":2},"end":{"line":549,"column":206}},"257":{"start":{"line":551,"column":2},"end":{"line":553,"column":3}},"258":{"start":{"line":552,"column":4},"end":{"line":552,"column":53}},"259":{"start":{"line":560,"column":0},"end":{"line":562,"column":1}},"260":{"start":{"line":561,"column":2},"end":{"line":561,"column":29}},"261":{"start":{"line":568,"column":0},"end":{"line":571,"column":1}},"262":{"start":{"line":569,"column":2},"end":{"line":569,"column":51}},"263":{"start":{"line":570,"column":2},"end":{"line":570,"column":59}}},"branchMap":{"1":{"line":40,"type":"switch","locations":[{"start":{"line":41,"column":10},"end":{"line":69,"column":30}},{"start":{"line":71,"column":10},"end":{"line":73,"column":18}},{"start":{"line":75,"column":10},"end":{"line":80,"column":31}},{"start":{"line":82,"column":10},"end":{"line":83,"column":56}},{"start":{"line":85,"column":10},"end":{"line":85,"column":18}},{"start":{"line":86,"column":10},"end":{"line":87,"column":36}}]},"2":{"line":57,"type":"binary-expr","locations":[{"start":{"line":57,"column":104},"end":{"line":57,"colum
[...]
9":0,"52":0,"53":0,"56":0,"58":0,"61":0,"62":0,"63":0}},"/home/travis/build/npmtest/node-npmtest-sassdoc/node_modules/sassdoc/dist/annotation/annotations/since.js":{"path":"/home/travis/build/npmtest/node-npmtest-sassdoc/node_modules/sassdoc/dist/annotation/annotations/since.js","s":{"1":1,"2":1,"3":1,"4":1,"5":0,"6":0,"7":0,"8":0,"9":0,"10":0,"11":0,"12":0},"b":{"1":[0,0],"2":[0,0]},"f":{"1":0,"2":0},"fnMap":{"1":{"name":"since","line":9,"loc":{"start":{"line":9,"column":0},"end":{"line":9,"column":17}}},"2":{"name":"parse","line":13,"loc":{"start":{"line":13,"column":11},"end":{"line":13,"column":32}}}},"statementMap":{"1":{"start":{"line":3,"column":0},"end":{"line":5,"column":3}},"2":{"start":{"line":6,"column":0},"end":{"line":6,"column":24}},"3":{"start":{"line":7,"column":0},"end":{"line":7,"column":57}},"4":{"start":{"line":9,"column":0},"end":{"line":28,"column":1}},"5":{"start":{"line":10,"column":2},"end":{"line":27,"column":4}},"6":{"start":{"line":14,"column":6},"end":{"line":14,"column":41}},"7":{"start":{"line":15,"column":6},"end":{"line":15,"column":19}},"8":{"start":{"line":17,"column":6},"end":{"line":19,"column":7}},"9":{"start":{"line":18,"column":8},"end":{"line":18,"column":32}},"10":{"start":{"line":21,"column":6},"end":{"line":23,"column":7}},"11":{"start":{"line":22,"column":8},"end":{"line":22,"column":36}},"12":{"start":{"line":25,"column":6},"end":{"line":25,"column":17}}},"branchMap":{"1":{"line":17,"type":"if","locations":[{"start":{"line":17,"column":6},"end":{"line":17,"column":6}},{"start":{"line":17,"column":6},"end":{"line":17,"column":6}}]},"2":{"line":21,"type":"if","locations":[{"start":{"line":21,"column":6},"end":{"line":21,"column":6}},{"start":{"line":21,"column":6},"end":{"line":21,"column":6}}]}},"code":["'use strict';","","Object.defineProperty(exports, \"__esModule\", {","  value: true","});","exports.default = since;","var sinceRegEx = /\\s*([^\\s]*)\\s*(?:-?\\s*([\\s\\S]*))?\\s*$/;","","function since() {","  return {","    name: 'since',","","    parse: function parse(text) {","      var parsed = sinceRegEx.exec(text);","      var obj = {};","","      if (parsed[1]) {","        obj.version = parsed[1];","      }","","      if (parsed[2]) {","        obj.description = parsed[2];","      }","","      return obj;","    }","  };","}"],"l":{"3":1,"6":1,"7":1,"9":1,"10":0,"14":0,"15":0,"17":0,"18":0,"21":0,"22":0,"25":0}},"/home/travis/build/npmtest/node-npmtest-sassdoc/node_modules/sassdoc/dist/annotation/annotations/throw.js":{"path":"/home/travis/build/npmtest/node-npmtest-sassdoc/node_modules/sassdoc/dist/annotation/annotations/throw.js","s":{"1":1,"2":1,"3":1,"4":1,"5":1,"6":1,"7":1,"8":1,"9":0,"10":0,"11":0,"12":0,"13":0,"14":0,"15":0,"16":0},"b":{"1":[0,1],"2":[1,1],"3":[0,0],"4":[0,0]},"f":{"1":1,"2":0,"3":0,"4":0},"fnMap":{"1":{"name":"_interopRequireDefault","line":12,"loc":{"start":{"line":12,"column":0},"end":{"line":12,"column":37}}},"2":{"name":"throw_","line":16,"loc":{"start":{"line":16,"column":0},"end":{"line":16,"column":18}}},"3":{"name":"parse","line":20,"loc":{"start":{"line":20,"column":11},"end":{"line":20,"column":32}}},"4":{"name":"autofill","line":23,"loc":{"start":{"line":23,"column":14},"end":{"line":23,"column":38}}}},"statementMap":{"1":{"start":{"line":3,"column":0},"end":{"line":5,"column":3}},"2":{"start":{"line":6,"column":0},"end":{"line":6,"column":25}},"3":{"start":{"line":8,"column":0},"end":{"line":8,"column":37}},"4":{"start":{"line":10,"column":0},"end":{"line":10,"column":47}},"5":{"start":{"line":12,"column":0},"end":{"line":12,"column":95}},"6":{"start":{"line":12,"column":39},"end":{"line":12,"column":93}},"7":{"start":{"line":14,"column":0},"end":{"line":14,"column":50}},"8":{"start":{"line":16,"column":0},"end":{"line":41,"column":1}},"9":{"start":{"line":17,"column":2},"end":{"line":40,"column":4}},"10":{"start":{"line":21,"column":6},"end":{"line":21,"column":25}},"11":{"start":{"line":24,"column":6},"end":{"line":24,"column":25}},"12":{"start":{"line":25,"column":6},"end":{"line":25,"column":39}},"13":{"start":{"line":27,"column":6},"end":{"line":29,"column":7}},"14":{"start":{"line":28,"column":8},"end":{"line":28,"column":32}},"15":{"start":{"line":31,"column":6},"end":{"line":33,"column":7}},"16":{"start":{"line":32,"column":8},"end":{"line":32,"column":47}}},"branchMap":{"1":{"line":12,"type":"cond-expr","locations":[{"start":{"line":12,"column":70},"end":{"line":12,"column":73}},{"start":{"line":12,"column":76},"end":{"line":12,"column":92}}]},"2":{"line":12,"type":"binary-expr","locations":[{"start":{"line":12,"column":46},"end":{"line":12,"column":49}},{"start":{"line":12,"column":53},"end":{"line":12,"column":67}}]},"3":{"line":25,"type":"binary-expr","locations":[{"start":{"line":25,"column":21},"end":{"line":25,"column":32}},{"start":{"line":25,"column":36},"end":{"line":25,"column":38}}]},"4":{"line":31,"type":"if","locations":[{"start":{"line":31,"column":6},"end":{"line":31,"column":6}},{"start":{"line":31,"column":6},"end":{"line":31,"column":6}}]}},"code":["'use strict';","","Object.defineProperty(exports, \"__esModule\", {","  value: true","});","exports.default = throw_;","","var _lodash = require('lodash.uniq');","","var _lodash2 = _interopRequireDefault(_lodash);","","function _interopRequireDefault(obj) { return obj && obj.__esModule ? obj : { default: obj }; }","","var autoParserError = /@error\\s+(?:'|\")([^'\"]+)/g;","","function throw_() {","  return {","    name: 'throw',","","    parse: function parse(text) {","      return text.trim();","    },","    autofill: function autofill(item) {","      var match = void 0;","      var throwing = item.throws || [];","","      while (match = autoParserError.exec(item.context.code)) {","        throwing.push(match[1]);","      }","","      if (throwing.length > 0) {","        return (0, _lodash2.default)(throwing);","      }","    },","","","    alias: ['throws', 'exception'],","","    allowedOn: ['function', 'mixin', 'placeholder']","  };","}"],"l":{"3":1,"6":1,"8":1,"10":1,"12":1,"14":1,"16":1,"17":0,"21":0,"24":0,"25":0,"27":0,"28":0,"31":0,"32":0}},"/home/travis/build/npmtest/node-npmtest-sassdoc/node_modules/sassdoc/dist/annotation/annotations/todo.js":{"path":"/home/travis/build/npmtest/node-npmtest-sassdoc/node_modules/sassdoc/dist/annotation/annotations/todo.js","s":{"1":1,"2":1,"3":1,"4":0,"5":0},"b":{},"f":{"1":0,"2":0},"fnMap":{"1":{"name":"todo","line":7,"loc":{"start":{"line":7,"column":0},"end":{"line":7,"column":16}}},"2":{"name":"parse","line":11,"loc":{"start":{"line":11,"column":11},"end":{"line":11,"column":32}}}},"statementMap":{"1":{"start":{"line":3,"column":0},"end":{"line":5,"column":3}},"2":{"start":{"line":6,"column":0},"end":{"line":6,"column":23}},"3":{"start":{"line":7,"column":0},"end":{"line":18,"column":1}},"4":{"start":{"line":8,"column":2},"end":{"line":17,"column":4}},"5":{"start":{"line":12,"column":6},"end":{"line":12,"column":25}}},"branchMap":{},"code":["'use strict';","","Object.defineProperty(exports, \"__esModule\", {","  value: true","});","exports.default = todo;","function todo() {","  return {","    name: 'todo',","","    parse: function parse(text) {","      return text.trim();","    },","","","    alias: ['todos']","  };","}"],"l":{"3":1,"6":1,"7":1,"8":0,"12":0}},"/home/travis/build/npmtest/node-npmtest-sassdoc/node_modules/sassdoc/dist/annotation/annotations/type.js":{"path":"/home/travis/build/npmtest/node-npmtest-sassdoc/node_modules/sassdoc/dist/annotation/annotations/type.js","s":{"1":1,"2":1,"3":1,"4":0,"5":0},"b":{},"f":{"1":0,"2":0},"fnMap":{"1":{"name":"type","line":7,"loc":{"start":{"line":7,"column":0},"end":{"line":7,"column":16}}},"2":{"name":"parse","line":11,"loc":{"start":{"line":11,"column":11},"end":{"line":11,"column":32}}}},"statementMap":{"1":{"start":{"line":3,"column":0},"end":{"line":5,"column":3}},"2":{"start":{"line":6,"column":0},"end":{"line":6,"column":23}},"3":{"start":{"line":7,"column":0},"end":{"line":20,"column":1}},"4":{"start":{"line":8,"column":2},"end":{"line":19,"column":4}},"5":{"start":{"line":12,"column":6},"end":{"line":12,"column":25}}},"branchMap":{},"code":["'use strict';","","Object.defineProperty(exports, \"__esModule\", {","  value: true","});","exports.default = type;","function type() {","  return {","    name: 'type',","","    parse: function parse(text) {","      return text.trim();","    },","","","    allowedOn: ['variable'],","","    multiple: false","  };","}"],"l":{"3":1,"6":1,"7":1,"8":0,"12":0}},"/home/travis/build/npmtest/node-npmtest-sassdoc/node_modules/sassdoc/dist/sorter.js":{"path":"/home/travis/build/npmtest/node-npmtest-sassdoc/node_modules/sassdoc/dist/sorter.js","s":{"1":1,"2":1,"3":1,"4":0,"5":0,"6":1,"7":0,"8":0,"9":0,"10":0},"b":{"1":[0,0,0],"2":[0,0,0]},"f":{"1":0,"2":0,"3":0},"fnMap":{"1":{"name":"sort","line":11,"loc":{"start":{"line":11,"column":0},"end":{"line":11,"column":20}}},"2":{"name":"(anonymous_2)","line":12,"loc":{"start":{"line":12,"column":19},"end":{"line":12,"column":35}}},"3":{"name":"compare","line":17,"loc":{"start":{"line":17,"column":0},"end":{"line":17,"column":23}}}},"statementMap":{"1":{"start":{"line":3,"column":0},"end":{"line":5,"column":3}},"2":{"start":{"line":6,"column":0},"end":{"line":6,"column":23}},"3":{"start":{"line":11,"column":0},"end":{"line":15,"column":1}},"4":{"start":{"line":12,"column":2},"end":{"line":14,"column":5}},"5":{"start":{"line":13,"column":4},"end":{"line":13,"column":163}},"6":{"start":{"line":17,"column":0},"end":{"line":26,"column":1}},"7":{"start":{"line":18,"column":2},"end":{"line":25,"column":3}},"8":{"start":{"line":20,"column":6},"end":{"line":20,"column":15}},"9":{"start":{"line":22,"column":6},"end":{"line":22,"column":15}},"10":{"start":{"line":24,"column":6},"end":{"line":24,"column":16}}},"branchMap":{"1":{"line":13,"type":"binary-expr","locations":[{"start":{"line":13,"column":11},"end":{"line":13,"column":70}},{"start":{"line":13,"column":74},"end":{"line":13,"column":107}},{"start":{"line":13,"column":111},"end":{"line":13,"column":162}}]},"2":{"line":18,"type":"switch","locations":[{"start":{"line":19,"column":4},"end":{"line":20,"column":15}},{"start":{"line":21,"column":4},"end":{"line":22,"column":15}},{"start":{"line":23,"column":4},"end":{"line":24,"column":16}}]}},"code":["\"use strict\";","","Object.defineProperty(exports, \"__esModule\", {","  value: true","});","exports.default = sort;","/**"," * @param {Array} data An array of SassDoc data objects."," * @return {Array} The sorted data."," */","function sort(data) {","  return data.sort(function (a, b) {","    return compare(a.group[0].toLowerCase(), b.group[0].toLowerCase()) || compare(a.file.path, b.file.path) || compare(a.context.line.start, b.context.line.start);","  });","}","","function compare(a, b) {","  switch (true) {","    case a > b:","      return 1;","    case a === b:","      return 0;","    default:","      return -1;","  }","}"],"l":{"3":1,"6":1,"11":1,"12":0,"13":0,"17":1,"18":0,"20":0,"22":0,"24":0}},"/home/travis/build/npmtest/node-npmtest-sassdoc/node_modules/sassdoc/dist/exclude.js":{"path":"/home/travis/build/npmtest/node-npmtest-sassdoc/node_modules/sassdoc/dist/exclude.js","s":{"1":1,"2":1,"3":1,"4":1,"5":1,"6":1,"7":1,"8":1,"9":1,"10":3,"11":1,"12":0,"13":0,"14":0,"15":0,"16":0},"b":{"1":[1,2],"2":[3,3],"3":[0,0]},"f":{"1":3,"2":0,"3":0,"4":0},"fnMap":{"1":{"name":"_interopRequireDefault","line":21,"loc":{"start":{"line":21,"column":0},"end":{"line":21,"column":37}}},"2":{"name":"exclude","line":27,"loc":{"start":{"line":27,"column":0},"end":{"line":27,"column":27}}},"3":{"name":"(anonymous_3)","line":28,"loc":{"start":{"line":28,"column":31},"end":{"line":28,"column":56}}},"4":{"name":"(anonymous_4)","line":29,"loc":{"start":{"line":29,"column":38},"end":{"line":29,"column":51}}}},"statementMap":{"1":{"start":{"line":3,"column":0},"end":{"line":5,"column":3}},"2":{"start":{"line":7,"column":0},"end":{"line":7,"column":56}},"3":{"start":{"line":9,"column":0},"end":{"line":9,"column":43}},"4":{"start":{"line":11,"column":0},"end":{"line":11,"column":26}},"5":{"start":{"line":13,"column":0},"end":{"line":13,"column":35}},"6":{"start":{"line":15,"column":0},"end":{"line":15,"column":49}},"7":{"start":{"line":17,"column":0},"end":{"line":17,"column":38}},"8":{"start":{"line":19,"column":0},"end":{"line":19,"column":53}},"9":{"start":{"line":21,"column":0},"end":{"line":21,"column":95}},"10":{"start":{"line":21,"column":39},"end":{"line":21,"column":93}},"11":{"start":{"line":27,"column":0},"end":{"line":37,"column":1}},"12":{"start":{"line":28,"column":2},"end":{"line":36,"column":5}},"13":{"start":{"line":29,"column":4},"end":{"line":33,"column":5}},"14":{"start":{"line":30,"column":6},"end":{"line":30,"column":56}},"15":{"start":{"line":32,"column":6},"end":{"line":32,"column":18}},"16":{"start":{"line":35,"column":4},"end":{"line":35,"column":19}}},"branchMap":{"1":{"line":21,"type":"cond-expr","locations":[{"start":{"line":21,"column":70},"end":{"line":21,"column":73}},{"start":{"line":21,"column":76},"end":{"line":21,"column":92}}]},"2":{"line":21,"type":"binary-expr","locations":[{"start":{"line":21,"column":46},"end":{"line":21,"column":49}},{"start":{"line":21,"column":53},"end":{"line":21,"column":67}}]},"3":{"line":29,"type":"if","locations":[{"start":{"line":29,"column":4},"end":{"line":29,"column":4}},{"start":{"line":29,"column":4},"end":{"line":29,"column":4}}]}},"code":["'use strict';","","Object.defineProperty(exports, \"__esModule\", {","  value: true","});","","var _find = require('babel-runtime/core-js/array/find');","","var _find2 = _interopRequireDefault(_find);","","exports.default = exclude;","","var _through = require('through2');","","var _through2 = _interopRequireDefault(_through);","","var _minimatch = require('minimatch');","","var _minimatch2 = _interopRequireDefault(_minimatch);","","function _interopRequireDefault(obj) { return obj && obj.__esModule ? obj : { default: obj }; }","","/**"," * @param {Array} patterns"," * @return {Object}"," */","function exclude(patterns) {","  return _through2.default.obj(function (file, enc, cb) {","    if ((0, _find2.default)(patterns, function (x) {","      return (0, _minimatch2.default)(file.relative, x);","    })) {","      return cb();","    }","","    cb(null, file);","  });","}"],"l":{"3":1,"7":1,"9":1,"11":1,"13":1,"15":1,"17":1,"19":1,"21":3,"27":1,"28":0,"29":0,"30":0,"32":0,"35":0}},"/home/travis/build/npmtest/node-npmtest-sassdoc/node_modules/sassdoc/dist/recurse.js":{"path":"/home/travis/build/npmtest/node-npmtest-sassdoc/node_modules/sassdoc/dist/recurse.js","s":{"1":1,"2":1,"3":1,"4":1,"5":1,"6":1,"7":1,"8":1,"9":1,"10":1,"11":3,"12":1,"13":0,"14":0,"15":0,"16":0,"17":0,"18":0,"19":0,"20":0,"21":0,"22":0,"23":0,"24":0,"25":0},"b":{"1":[0,3],"2":[3,3],"3":[0,0],"4":[0,0],"5":[0,0],"6":[0,0]},"f":{"1":3,"2":0,"3":0,"4":0,"5":0},"fnMap":{"1":{"name":"_interopRequireDefault","line":22,"loc":{"start":{"line":22,"column":0},"end":{"line":22,"column":37}}},"2":{"name":"recurse","line":30,"loc":{"start":{"line":30,"column":0},"end":{"line":30,"column":19}}},"3":{"name":"(anonymous_3)","line":31,"loc":{"start":{"line":31,"column":31},"end":{"line":31,"column":56}}},"4":{"name":"(anonymous_4)","line":52,"loc":{"start":{"line":52,"column":62},"end":{"line":52,"column":87}}},"5":{"name":"(anonymous_5)","line":56,"loc":{"start":{"line":56,"column":7},"end":{"line":56,"column":19}}}},"statementMap":{"1":{"start":{"line":3,"column":0},"end":{"line":5,"column":3}},"2":{"start":{"line":6,"column":0},"end":{"line":6,"column":26}},"3":{"start":{"line":8,"column":0},"end":{"line":8,"column":32}},"4":{"start":{"line":10,"column":0},"end":{"line":10,"column":28}},"5":{"start":{"line":12,"column":0},"end":{"line":12,"column":43}},"6":{"start":{"line":14,"column":0},"end":{"line":14,"column":35}},"7":{"start":{"line":16,"column":0},"end":{"line":16,"column":49}},"8":{"start":{"line":18,"column":0},"end":{"line":18,"column":35}},"9":{"start":{"line":20,"column":0},"end":{"line":20,"column":49}},"10":{"start":{"line":22,"column":0},"end":{"line":22,"column":95}},"11":{"start":{"line":22,"column":39},"end":{"line":22,"column":93}},"12":{"start":{"line":30,"column":0},"end":{"line":61,"column":1}},"13":{"start":{"line":31,"column":2},"end":{"line":60,"column":5}},"14":{"start":{"line":32,"column":4},"end":{"line":32,"column":21}},"15":{"start":{"line":34,"column":4},"end":{"line":37,"column":5}},"16":{"start":{"line":36,"column":6},"end":{"line":36,"column":78}},"17":{"start":{"line":39,"column":4},"end":{"line":42,"column":5}},"18":{"start":{"line":41,"column":6},"end":{"line":41,"column":28}},"19":{"start":{"line":44,"column":4},"end":{"line":47,"column":5}},"20":{"start":{"line":46,"column":6},"end":{"line":46,"column":18}},"21":{"start":{"line":50,"column":4},"end":{"line":50,"column":73}},"22":{"start":{"line":52,"column":4},"end":{"line":59,"column":8}},"23":{"start":{"line":54,"column":6},"end":{"line":54,"column":23}},"24":{"start":{"line":55,"column":6},"end":{"line":55,"column":11}},"25":{"start":{"line":58,"column":6},"end":{"line":58,"column":11}}},"branchMap":{"1":{"line":22,"type":"cond-expr","locations":[{"start":{"line":22,"column":70},"end":{"line":22,"column":73}},{"start":{"line":22,"column":76},"end":{"line":22,"column":92}}]},"2":{"line":22,"type":"binary-expr","locations":[{"start":{"line":22,"column":46},"end":{"line":22,"column":49}},{"start":{"line":22,"column":53},"end":{"line":22,"column":67}}]},"3":{"line":34,"type":"if","locations":[{"start":{"line":34,"column":4},"end":{"line":34,"column":4}},{"start":{"line":34,"column":4},"end":{"line":34,"column":4}}]},"4":{"line":39,"type":"if","locations":[{"start":{"line":39,"column":4},"end":{"line":39,"column":4}},{"start":{"line":39,"column":4},"end":{"line":39,"column":4}}]},"5":{"line":39,"type":"binary-expr","locations":[{"start":{"line":39,"column":8},"end":{"line":39,"column":23}},{"start":{"line":39,"column":27},"end":{"line":39,"column":42}}]},"6":{"line":44,"type":"if","locations":[{"start":{"line":44,"column":4},"end":{"line":44,"column":4}},{"start":{"line":44,"column":4},"end":{"line":44,"column":4}}]}},"code":["'use strict';","","Object.defineProperty(exports, \"__esModule\", {","  value: true","});","exports.default = recurse;","","var _utils = require('./utils');","","var _path = require('path');","","var _path2 = _interopRequireDefault(_path);","","var _through = require('through2');","","var _through2 = _interopRequireDefault(_through);","","var _vinylFs = require('vinyl-fs');","","var _vinylFs2 = _interopRequireDefault(_vinylFs);","","function _interopRequireDefault(obj) { return obj && obj.__esModule ? obj : { default: obj }; }","","/**"," * Return a transform stream recursing through directory to yield"," * Sass/SCSS files instead."," *"," * @return {Object}"," */","function recurse() {","  return _through2.default.obj(function (file, enc, cb) {","    var _this = this;","","    if (!_utils.is.vinylFile(file)) {","      // Don't know how to handle this object.","      return cb(new Error('Unsupported stream object. Vinyl file expected.'));","    }","","    if (file.isBuffer() || file.isStream()) {","      // Pass-through.","      return cb(null, file);","    }","","    if (!file.isDirectory()) {","      // At that stage we want only dirs. Dismiss file.isNull.","      return cb();","    }","","    // It's a directory, find inner Sass/SCSS files.","    var pattern = _path2.default.resolve(file.path, '**/*.+(sass|scss)');","","    _vinylFs2.default.src(pattern).pipe(_through2.default.obj(function (file, enc, cb) {","      // Append to \"parent\" stream.","      _this.push(file);","      cb();","    }, function () {","      // All done.","      cb();","    }));","  });","}"],"l":{"3":1,"6":1,"8":1,"10":1,"12":1,"14":1,"16":1,"18":1,"20":1,"22":3,"30":1,"31":0,"32":0,"34":0,"36":0,"39":0,"41":0,"44":0,"46":0,"50":0,"52":0,"54":0,"55":0,"58":0}}}